[0.047s] DEBUG:colcon:Command line arguments: ['/usr/bin/colcon', 'build', '--symlink-install']
[0.048s] DEBUG:colcon:Parsed command line arguments: Namespace(log_base=None, log_level=None, verb_name='build', build_base='build', install_base='install', merge_install=False, symlink_install=True, test_result_base=None, continue_on_error=False, executor='parallel', parallel_workers=4, event_handlers=None, ignore_user_meta=False, metas=['./colcon.meta'], base_paths=['.'], packages_ignore=None, packages_ignore_regex=None, paths=None, packages_up_to=None, packages_up_to_regex=None, packages_above=None, packages_above_and_dependencies=None, packages_above_depth=None, packages_select_by_dep=None, packages_skip_by_dep=None, packages_skip_up_to=None, packages_select_build_failed=False, packages_skip_build_finished=False, packages_select_test_failures=False, packages_skip_test_passed=False, packages_select=None, packages_skip=None, packages_select_regex=None, packages_skip_regex=None, packages_start=None, packages_end=None, allow_overriding=[], cmake_args=None, cmake_target=None, cmake_target_skip_unavailable=False, cmake_clean_cache=False, cmake_clean_first=False, cmake_force_configure=False, ament_cmake_args=None, catkin_cmake_args=None, catkin_skip_building_tests=False, mixin_files=None, mixin=None, verb_parser=<colcon_mixin.mixin.mixin_argument.MixinArgumentDecorator object at 0xffff87242e30>, verb_extension=<colcon_core.verb.build.BuildVerb object at 0xffff87242980>, main=<bound method BuildVerb.main of <colcon_core.verb.build.BuildVerb object at 0xffff87242980>>, mixin_verb=('build',))
[0.116s] Level 1:colcon.colcon_core.package_discovery:discover_packages(colcon_meta) check parameters
[0.117s] Level 1:colcon.colcon_core.package_discovery:discover_packages(recursive) check parameters
[0.117s] Level 1:colcon.colcon_core.package_discovery:discover_packages(ignore) check parameters
[0.117s] Level 1:colcon.colcon_core.package_discovery:discover_packages(path) check parameters
[0.117s] Level 1:colcon.colcon_core.package_discovery:discover_packages(colcon_meta) discover
[0.117s] Level 1:colcon.colcon_core.package_discovery:discover_packages(recursive) discover
[0.117s] INFO:colcon.colcon_core.package_discovery:Crawling recursively for packages in '/media/psf/Home/Desktop/business-1/test-repo/ros2-control-demo/gz_ros2_control'
[0.117s] Level 1:colcon.colcon_core.package_identification:_identify(.) by extensions ['ignore', 'ignore_ament_install']
[0.118s] Level 1:colcon.colcon_core.package_identification:_identify(.) by extension 'ignore'
[0.118s] Level 1:colcon.colcon_core.package_identification:_identify(.) by extension 'ignore_ament_install'
[0.118s] Level 1:colcon.colcon_core.package_identification:_identify(.) by extensions ['colcon_pkg']
[0.118s] Level 1:colcon.colcon_core.package_identification:_identify(.) by extension 'colcon_pkg'
[0.118s] Level 1:colcon.colcon_core.package_identification:_identify(.) by extensions ['colcon_meta']
[0.118s] Level 1:colcon.colcon_core.package_identification:_identify(.) by extension 'colcon_meta'
[0.118s] Level 1:colcon.colcon_core.package_identification:_identify(.) by extensions ['ros']
[0.118s] Level 1:colcon.colcon_core.package_identification:_identify(.) by extension 'ros'
[0.131s] Level 1:colcon.colcon_core.package_identification:_identify(.) by extensions ['cmake', 'python']
[0.131s] Level 1:colcon.colcon_core.package_identification:_identify(.) by extension 'cmake'
[0.132s] Level 1:colcon.colcon_core.package_identification:_identify(.) by extension 'python'
[0.132s] Level 1:colcon.colcon_core.package_identification:_identify(.) by extensions ['python_setup_py']
[0.132s] Level 1:colcon.colcon_core.package_identification:_identify(.) by extension 'python_setup_py'
[0.132s] Level 1:colcon.colcon_core.package_identification:_identify(Dockerfile) by extensions ['ignore', 'ignore_ament_install']
[0.132s] Level 1:colcon.colcon_core.package_identification:_identify(Dockerfile) by extension 'ignore'
[0.133s] Level 1:colcon.colcon_core.package_identification:_identify(Dockerfile) by extension 'ignore_ament_install'
[0.133s] Level 1:colcon.colcon_core.package_identification:_identify(Dockerfile) by extensions ['colcon_pkg']
[0.133s] Level 1:colcon.colcon_core.package_identification:_identify(Dockerfile) by extension 'colcon_pkg'
[0.133s] Level 1:colcon.colcon_core.package_identification:_identify(Dockerfile) by extensions ['colcon_meta']
[0.133s] Level 1:colcon.colcon_core.package_identification:_identify(Dockerfile) by extension 'colcon_meta'
[0.134s] Level 1:colcon.colcon_core.package_identification:_identify(Dockerfile) by extensions ['ros']
[0.134s] Level 1:colcon.colcon_core.package_identification:_identify(Dockerfile) by extension 'ros'
[0.134s] Level 1:colcon.colcon_core.package_identification:_identify(Dockerfile) by extensions ['cmake', 'python']
[0.134s] Level 1:colcon.colcon_core.package_identification:_identify(Dockerfile) by extension 'cmake'
[0.135s] Level 1:colcon.colcon_core.package_identification:_identify(Dockerfile) by extension 'python'
[0.135s] Level 1:colcon.colcon_core.package_identification:_identify(Dockerfile) by extensions ['python_setup_py']
[0.135s] Level 1:colcon.colcon_core.package_identification:_identify(Dockerfile) by extension 'python_setup_py'
[0.138s] Level 1:colcon.colcon_core.package_identification:_identify(build) by extensions ['ignore', 'ignore_ament_install']
[0.138s] Level 1:colcon.colcon_core.package_identification:_identify(build) by extension 'ignore'
[0.138s] Level 1:colcon.colcon_core.package_identification:_identify(build) ignored
[0.139s] Level 1:colcon.colcon_core.package_identification:_identify(doc) by extensions ['ignore', 'ignore_ament_install']
[0.139s] Level 1:colcon.colcon_core.package_identification:_identify(doc) by extension 'ignore'
[0.139s] Level 1:colcon.colcon_core.package_identification:_identify(doc) by extension 'ignore_ament_install'
[0.139s] Level 1:colcon.colcon_core.package_identification:_identify(doc) by extensions ['colcon_pkg']
[0.139s] Level 1:colcon.colcon_core.package_identification:_identify(doc) by extension 'colcon_pkg'
[0.139s] Level 1:colcon.colcon_core.package_identification:_identify(doc) by extensions ['colcon_meta']
[0.139s] Level 1:colcon.colcon_core.package_identification:_identify(doc) by extension 'colcon_meta'
[0.139s] Level 1:colcon.colcon_core.package_identification:_identify(doc) by extensions ['ros']
[0.139s] Level 1:colcon.colcon_core.package_identification:_identify(doc) by extension 'ros'
[0.140s] Level 1:colcon.colcon_core.package_identification:_identify(doc) by extensions ['cmake', 'python']
[0.140s] Level 1:colcon.colcon_core.package_identification:_identify(doc) by extension 'cmake'
[0.140s] Level 1:colcon.colcon_core.package_identification:_identify(doc) by extension 'python'
[0.140s] Level 1:colcon.colcon_core.package_identification:_identify(doc) by extensions ['python_setup_py']
[0.141s] Level 1:colcon.colcon_core.package_identification:_identify(doc) by extension 'python_setup_py'
[0.141s] Level 1:colcon.colcon_core.package_identification:_identify(doc/img) by extensions ['ignore', 'ignore_ament_install']
[0.141s] Level 1:colcon.colcon_core.package_identification:_identify(doc/img) by extension 'ignore'
[0.141s] Level 1:colcon.colcon_core.package_identification:_identify(doc/img) by extension 'ignore_ament_install'
[0.141s] Level 1:colcon.colcon_core.package_identification:_identify(doc/img) by extensions ['colcon_pkg']
[0.141s] Level 1:colcon.colcon_core.package_identification:_identify(doc/img) by extension 'colcon_pkg'
[0.142s] Level 1:colcon.colcon_core.package_identification:_identify(doc/img) by extensions ['colcon_meta']
[0.142s] Level 1:colcon.colcon_core.package_identification:_identify(doc/img) by extension 'colcon_meta'
[0.142s] Level 1:colcon.colcon_core.package_identification:_identify(doc/img) by extensions ['ros']
[0.142s] Level 1:colcon.colcon_core.package_identification:_identify(doc/img) by extension 'ros'
[0.142s] Level 1:colcon.colcon_core.package_identification:_identify(doc/img) by extensions ['cmake', 'python']
[0.142s] Level 1:colcon.colcon_core.package_identification:_identify(doc/img) by extension 'cmake'
[0.142s] Level 1:colcon.colcon_core.package_identification:_identify(doc/img) by extension 'python'
[0.143s] Level 1:colcon.colcon_core.package_identification:_identify(doc/img) by extensions ['python_setup_py']
[0.143s] Level 1:colcon.colcon_core.package_identification:_identify(doc/img) by extension 'python_setup_py'
[0.143s] Level 1:colcon.colcon_core.package_identification:_identify(gz_ros2_control_demos) by extensions ['ignore', 'ignore_ament_install']
[0.143s] Level 1:colcon.colcon_core.package_identification:_identify(gz_ros2_control_demos) by extension 'ignore'
[0.143s] Level 1:colcon.colcon_core.package_identification:_identify(gz_ros2_control_demos) by extension 'ignore_ament_install'
[0.143s] Level 1:colcon.colcon_core.package_identification:_identify(gz_ros2_control_demos) by extensions ['colcon_pkg']
[0.143s] Level 1:colcon.colcon_core.package_identification:_identify(gz_ros2_control_demos) by extension 'colcon_pkg'
[0.144s] Level 1:colcon.colcon_core.package_identification:_identify(gz_ros2_control_demos) by extensions ['colcon_meta']
[0.144s] Level 1:colcon.colcon_core.package_identification:_identify(gz_ros2_control_demos) by extension 'colcon_meta'
[0.144s] Level 1:colcon.colcon_core.package_identification:_identify(gz_ros2_control_demos) by extensions ['ros']
[0.144s] Level 1:colcon.colcon_core.package_identification:_identify(gz_ros2_control_demos) by extension 'ros'
[0.144s] Level 1:colcon.colcon_core.package_identification:_identify(gz_ros2_control_demos) by extensions ['cmake', 'python']
[0.144s] Level 1:colcon.colcon_core.package_identification:_identify(gz_ros2_control_demos) by extension 'cmake'
[0.144s] Level 1:colcon.colcon_core.package_identification:_identify(gz_ros2_control_demos) by extension 'python'
[0.144s] Level 1:colcon.colcon_core.package_identification:_identify(gz_ros2_control_demos) by extensions ['python_setup_py']
[0.144s] Level 1:colcon.colcon_core.package_identification:_identify(gz_ros2_control_demos) by extension 'python_setup_py'
[0.145s] Level 1:colcon.colcon_core.package_identification:_identify(gz_ros2_control_tests) by extensions ['ignore', 'ignore_ament_install']
[0.145s] Level 1:colcon.colcon_core.package_identification:_identify(gz_ros2_control_tests) by extension 'ignore'
[0.145s] Level 1:colcon.colcon_core.package_identification:_identify(gz_ros2_control_tests) by extension 'ignore_ament_install'
[0.145s] Level 1:colcon.colcon_core.package_identification:_identify(gz_ros2_control_tests) by extensions ['colcon_pkg']
[0.145s] Level 1:colcon.colcon_core.package_identification:_identify(gz_ros2_control_tests) by extension 'colcon_pkg'
[0.145s] Level 1:colcon.colcon_core.package_identification:_identify(gz_ros2_control_tests) by extensions ['colcon_meta']
[0.145s] Level 1:colcon.colcon_core.package_identification:_identify(gz_ros2_control_tests) by extension 'colcon_meta'
[0.145s] Level 1:colcon.colcon_core.package_identification:_identify(gz_ros2_control_tests) by extensions ['ros']
[0.145s] Level 1:colcon.colcon_core.package_identification:_identify(gz_ros2_control_tests) by extension 'ros'
[0.149s] DEBUG:colcon.colcon_core.package_identification:Package 'gz_ros2_control_tests' with type 'ros.ament_cmake' and name 'gz_ros2_control_tests'
[0.149s] Level 1:colcon.colcon_core.package_identification:_identify(ign_ros2_control) by extensions ['ignore', 'ignore_ament_install']
[0.149s] Level 1:colcon.colcon_core.package_identification:_identify(ign_ros2_control) by extension 'ignore'
[0.150s] Level 1:colcon.colcon_core.package_identification:_identify(ign_ros2_control) by extension 'ignore_ament_install'
[0.150s] Level 1:colcon.colcon_core.package_identification:_identify(ign_ros2_control) by extensions ['colcon_pkg']
[0.150s] Level 1:colcon.colcon_core.package_identification:_identify(ign_ros2_control) by extension 'colcon_pkg'
[0.150s] Level 1:colcon.colcon_core.package_identification:_identify(ign_ros2_control) by extensions ['colcon_meta']
[0.150s] Level 1:colcon.colcon_core.package_identification:_identify(ign_ros2_control) by extension 'colcon_meta'
[0.150s] Level 1:colcon.colcon_core.package_identification:_identify(ign_ros2_control) by extensions ['ros']
[0.150s] Level 1:colcon.colcon_core.package_identification:_identify(ign_ros2_control) by extension 'ros'
[0.153s] DEBUG:colcon.colcon_core.package_identification:Package 'ign_ros2_control' with type 'ros.ament_cmake' and name 'ign_ros2_control'
[0.153s] Level 1:colcon.colcon_core.package_identification:_identify(ign_ros2_control_demos) by extensions ['ignore', 'ignore_ament_install']
[0.153s] Level 1:colcon.colcon_core.package_identification:_identify(ign_ros2_control_demos) by extension 'ignore'
[0.153s] Level 1:colcon.colcon_core.package_identification:_identify(ign_ros2_control_demos) by extension 'ignore_ament_install'
[0.153s] Level 1:colcon.colcon_core.package_identification:_identify(ign_ros2_control_demos) by extensions ['colcon_pkg']
[0.154s] Level 1:colcon.colcon_core.package_identification:_identify(ign_ros2_control_demos) by extension 'colcon_pkg'
[0.154s] Level 1:colcon.colcon_core.package_identification:_identify(ign_ros2_control_demos) by extensions ['colcon_meta']
[0.154s] Level 1:colcon.colcon_core.package_identification:_identify(ign_ros2_control_demos) by extension 'colcon_meta'
[0.154s] Level 1:colcon.colcon_core.package_identification:_identify(ign_ros2_control_demos) by extensions ['ros']
[0.154s] Level 1:colcon.colcon_core.package_identification:_identify(ign_ros2_control_demos) by extension 'ros'
[0.155s] DEBUG:colcon.colcon_core.package_identification:Package 'ign_ros2_control_demos' with type 'ros.ament_cmake' and name 'ign_ros2_control_demos'
[0.155s] Level 1:colcon.colcon_core.package_identification:_identify(install) by extensions ['ignore', 'ignore_ament_install']
[0.155s] Level 1:colcon.colcon_core.package_identification:_identify(install) by extension 'ignore'
[0.155s] Level 1:colcon.colcon_core.package_identification:_identify(install) ignored
[0.156s] Level 1:colcon.colcon_core.package_identification:_identify(log) by extensions ['ignore', 'ignore_ament_install']
[0.156s] Level 1:colcon.colcon_core.package_identification:_identify(log) by extension 'ignore'
[0.156s] Level 1:colcon.colcon_core.package_identification:_identify(log) ignored
[0.156s] Level 1:colcon.colcon_core.package_discovery:discover_packages(recursive) using defaults
[0.156s] Level 1:colcon.colcon_core.package_discovery:discover_packages(ignore) discover
[0.156s] Level 1:colcon.colcon_core.package_discovery:discover_packages(ignore) using defaults
[0.156s] Level 1:colcon.colcon_core.package_discovery:discover_packages(path) discover
[0.156s] Level 1:colcon.colcon_core.package_discovery:discover_packages(path) using defaults
[0.170s] Level 1:colcon.colcon_core.package_discovery:discover_packages(prefix_path) check parameters
[0.170s] Level 1:colcon.colcon_core.package_discovery:discover_packages(prefix_path) discover
[0.176s] DEBUG:colcon.colcon_installed_package_information.package_discovery:Found 3 installed packages in /media/psf/Home/Desktop/business-1/test-repo/ros2-control-demo/gz_ros2_control/install
[0.177s] DEBUG:colcon.colcon_installed_package_information.package_discovery:Found 1 installed packages in /media/psf/Home/Desktop/business-1/test-repo/ros2-control-demo/gz_ros2_control/ign_ros2_control_demos/install
[0.178s] DEBUG:colcon.colcon_installed_package_information.package_discovery:Found 367 installed packages in /opt/ros/humble
[0.179s] Level 1:colcon.colcon_core.package_discovery:discover_packages(prefix_path) using defaults
[0.202s] Level 5:colcon.colcon_core.verb:set package 'ign_ros2_control' build argument 'cmake_args' from command line to 'None'
[0.202s] Level 5:colcon.colcon_core.verb:set package 'ign_ros2_control' build argument 'cmake_target' from command line to 'None'
[0.203s] Level 5:colcon.colcon_core.verb:set package 'ign_ros2_control' build argument 'cmake_target_skip_unavailable' from command line to 'False'
[0.203s] Level 5:colcon.colcon_core.verb:set package 'ign_ros2_control' build argument 'cmake_clean_cache' from command line to 'False'
[0.203s] Level 5:colcon.colcon_core.verb:set package 'ign_ros2_control' build argument 'cmake_clean_first' from command line to 'False'
[0.203s] Level 5:colcon.colcon_core.verb:set package 'ign_ros2_control' build argument 'cmake_force_configure' from command line to 'False'
[0.203s] Level 5:colcon.colcon_core.verb:set package 'ign_ros2_control' build argument 'ament_cmake_args' from command line to 'None'
[0.203s] Level 5:colcon.colcon_core.verb:set package 'ign_ros2_control' build argument 'catkin_cmake_args' from command line to 'None'
[0.203s] Level 5:colcon.colcon_core.verb:set package 'ign_ros2_control' build argument 'catkin_skip_building_tests' from command line to 'False'
[0.203s] DEBUG:colcon.colcon_core.verb:Building package 'ign_ros2_control' with the following arguments: {'ament_cmake_args': None, 'build_base': '/media/psf/Home/Desktop/business-1/test-repo/ros2-control-demo/gz_ros2_control/build/ign_ros2_control', 'catkin_cmake_args': None, 'catkin_skip_building_tests': False, 'cmake_args': None, 'cmake_clean_cache': False, 'cmake_clean_first': False, 'cmake_force_configure': False, 'cmake_target': None, 'cmake_target_skip_unavailable': False, 'install_base': '/media/psf/Home/Desktop/business-1/test-repo/ros2-control-demo/gz_ros2_control/install/ign_ros2_control', 'merge_install': False, 'path': '/media/psf/Home/Desktop/business-1/test-repo/ros2-control-demo/gz_ros2_control/ign_ros2_control', 'symlink_install': True, 'test_result_base': None}
[0.203s] Level 5:colcon.colcon_core.verb:set package 'gz_ros2_control_tests' build argument 'cmake_args' from command line to 'None'
[0.203s] Level 5:colcon.colcon_core.verb:set package 'gz_ros2_control_tests' build argument 'cmake_target' from command line to 'None'
[0.203s] Level 5:colcon.colcon_core.verb:set package 'gz_ros2_control_tests' build argument 'cmake_target_skip_unavailable' from command line to 'False'
[0.203s] Level 5:colcon.colcon_core.verb:set package 'gz_ros2_control_tests' build argument 'cmake_clean_cache' from command line to 'False'
[0.203s] Level 5:colcon.colcon_core.verb:set package 'gz_ros2_control_tests' build argument 'cmake_clean_first' from command line to 'False'
[0.203s] Level 5:colcon.colcon_core.verb:set package 'gz_ros2_control_tests' build argument 'cmake_force_configure' from command line to 'False'
[0.203s] Level 5:colcon.colcon_core.verb:set package 'gz_ros2_control_tests' build argument 'ament_cmake_args' from command line to 'None'
[0.204s] Level 5:colcon.colcon_core.verb:set package 'gz_ros2_control_tests' build argument 'catkin_cmake_args' from command line to 'None'
[0.204s] Level 5:colcon.colcon_core.verb:set package 'gz_ros2_control_tests' build argument 'catkin_skip_building_tests' from command line to 'False'
[0.204s] DEBUG:colcon.colcon_core.verb:Building package 'gz_ros2_control_tests' with the following arguments: {'ament_cmake_args': None, 'build_base': '/media/psf/Home/Desktop/business-1/test-repo/ros2-control-demo/gz_ros2_control/build/gz_ros2_control_tests', 'catkin_cmake_args': None, 'catkin_skip_building_tests': False, 'cmake_args': None, 'cmake_clean_cache': False, 'cmake_clean_first': False, 'cmake_force_configure': False, 'cmake_target': None, 'cmake_target_skip_unavailable': False, 'install_base': '/media/psf/Home/Desktop/business-1/test-repo/ros2-control-demo/gz_ros2_control/install/gz_ros2_control_tests', 'merge_install': False, 'path': '/media/psf/Home/Desktop/business-1/test-repo/ros2-control-demo/gz_ros2_control/gz_ros2_control_tests', 'symlink_install': True, 'test_result_base': None}
[0.204s] Level 5:colcon.colcon_core.verb:set package 'ign_ros2_control_demos' build argument 'cmake_args' from command line to 'None'
[0.204s] Level 5:colcon.colcon_core.verb:set package 'ign_ros2_control_demos' build argument 'cmake_target' from command line to 'None'
[0.204s] Level 5:colcon.colcon_core.verb:set package 'ign_ros2_control_demos' build argument 'cmake_target_skip_unavailable' from command line to 'False'
[0.204s] Level 5:colcon.colcon_core.verb:set package 'ign_ros2_control_demos' build argument 'cmake_clean_cache' from command line to 'False'
[0.204s] Level 5:colcon.colcon_core.verb:set package 'ign_ros2_control_demos' build argument 'cmake_clean_first' from command line to 'False'
[0.204s] Level 5:colcon.colcon_core.verb:set package 'ign_ros2_control_demos' build argument 'cmake_force_configure' from command line to 'False'
[0.204s] Level 5:colcon.colcon_core.verb:set package 'ign_ros2_control_demos' build argument 'ament_cmake_args' from command line to 'None'
[0.204s] Level 5:colcon.colcon_core.verb:set package 'ign_ros2_control_demos' build argument 'catkin_cmake_args' from command line to 'None'
[0.204s] Level 5:colcon.colcon_core.verb:set package 'ign_ros2_control_demos' build argument 'catkin_skip_building_tests' from command line to 'False'
[0.204s] DEBUG:colcon.colcon_core.verb:Building package 'ign_ros2_control_demos' with the following arguments: {'ament_cmake_args': None, 'build_base': '/media/psf/Home/Desktop/business-1/test-repo/ros2-control-demo/gz_ros2_control/build/ign_ros2_control_demos', 'catkin_cmake_args': None, 'catkin_skip_building_tests': False, 'cmake_args': None, 'cmake_clean_cache': False, 'cmake_clean_first': False, 'cmake_force_configure': False, 'cmake_target': None, 'cmake_target_skip_unavailable': False, 'install_base': '/media/psf/Home/Desktop/business-1/test-repo/ros2-control-demo/gz_ros2_control/install/ign_ros2_control_demos', 'merge_install': False, 'path': '/media/psf/Home/Desktop/business-1/test-repo/ros2-control-demo/gz_ros2_control/ign_ros2_control_demos', 'symlink_install': True, 'test_result_base': None}
[0.204s] INFO:colcon.colcon_core.executor:Executing jobs using 'parallel' executor
[0.205s] DEBUG:colcon.colcon_parallel_executor.executor.parallel:run_until_complete
[0.205s] INFO:colcon.colcon_ros.task.ament_cmake.build:Building ROS package in '/media/psf/Home/Desktop/business-1/test-repo/ros2-control-demo/gz_ros2_control/ign_ros2_control' with build type 'ament_cmake'
[0.205s] INFO:colcon.colcon_cmake.task.cmake.build:Building CMake package in '/media/psf/Home/Desktop/business-1/test-repo/ros2-control-demo/gz_ros2_control/ign_ros2_control'
[0.206s] INFO:colcon.colcon_core.plugin_system:Skipping extension 'colcon_core.shell.bat': Not used on non-Windows systems
[0.207s] INFO:colcon.colcon_core.shell:Skip shell extension 'powershell' for command environment: Not usable outside of PowerShell
[0.207s] DEBUG:colcon.colcon_core.shell:Skip shell extension 'dsv' for command environment
[0.223s] DEBUG:colcon.colcon_core.event_handler.log_command:Invoking command in '/media/psf/Home/Desktop/business-1/test-repo/ros2-control-demo/gz_ros2_control/build/ign_ros2_control': CMAKE_PREFIX_PATH=${CMAKE_PREFIX_PATH}:/opt/ros/humble /usr/bin/cmake --build /media/psf/Home/Desktop/business-1/test-repo/ros2-control-demo/gz_ros2_control/build/ign_ros2_control -- -j4 -l4
[0.464s] DEBUG:colcon.colcon_core.event_handler.log_command:Invoked command in '/media/psf/Home/Desktop/business-1/test-repo/ros2-control-demo/gz_ros2_control/build/ign_ros2_control' returned '0': CMAKE_PREFIX_PATH=${CMAKE_PREFIX_PATH}:/opt/ros/humble /usr/bin/cmake --build /media/psf/Home/Desktop/business-1/test-repo/ros2-control-demo/gz_ros2_control/build/ign_ros2_control -- -j4 -l4
[0.506s] DEBUG:colcon.colcon_core.event_handler.log_command:Invoking command in '/media/psf/Home/Desktop/business-1/test-repo/ros2-control-demo/gz_ros2_control/build/ign_ros2_control': CMAKE_PREFIX_PATH=${CMAKE_PREFIX_PATH}:/opt/ros/humble /usr/bin/cmake --install /media/psf/Home/Desktop/business-1/test-repo/ros2-control-demo/gz_ros2_control/build/ign_ros2_control
[0.537s] Level 1:colcon.colcon_core.environment:create_environment_scripts_only(ign_ros2_control)
[0.538s] DEBUG:colcon.colcon_core.event_handler.log_command:Invoked command in '/media/psf/Home/Desktop/business-1/test-repo/ros2-control-demo/gz_ros2_control/build/ign_ros2_control' returned '0': CMAKE_PREFIX_PATH=${CMAKE_PREFIX_PATH}:/opt/ros/humble /usr/bin/cmake --install /media/psf/Home/Desktop/business-1/test-repo/ros2-control-demo/gz_ros2_control/build/ign_ros2_control
[0.539s] Level 1:colcon.colcon_core.environment:checking '/media/psf/Home/Desktop/business-1/test-repo/ros2-control-demo/gz_ros2_control/install/ign_ros2_control' for CMake module files
[0.541s] Level 1:colcon.colcon_core.environment:checking '/media/psf/Home/Desktop/business-1/test-repo/ros2-control-demo/gz_ros2_control/install/ign_ros2_control' for CMake config files
[0.543s] Level 1:colcon.colcon_core.shell:create_environment_hook('ign_ros2_control', 'cmake_prefix_path')
[0.544s] INFO:colcon.colcon_core.shell:Creating environment hook '/media/psf/Home/Desktop/business-1/test-repo/ros2-control-demo/gz_ros2_control/install/ign_ros2_control/share/ign_ros2_control/hook/cmake_prefix_path.ps1'
[0.544s] INFO:colcon.colcon_core.shell:Creating environment descriptor '/media/psf/Home/Desktop/business-1/test-repo/ros2-control-demo/gz_ros2_control/install/ign_ros2_control/share/ign_ros2_control/hook/cmake_prefix_path.dsv'
[0.545s] INFO:colcon.colcon_core.shell:Creating environment hook '/media/psf/Home/Desktop/business-1/test-repo/ros2-control-demo/gz_ros2_control/install/ign_ros2_control/share/ign_ros2_control/hook/cmake_prefix_path.sh'
[0.546s] Level 1:colcon.colcon_core.environment:checking '/media/psf/Home/Desktop/business-1/test-repo/ros2-control-demo/gz_ros2_control/install/ign_ros2_control/lib'
[0.546s] Level 1:colcon.colcon_core.shell:create_environment_hook('ign_ros2_control', 'ld_library_path_lib')
[0.546s] INFO:colcon.colcon_core.shell:Creating environment hook '/media/psf/Home/Desktop/business-1/test-repo/ros2-control-demo/gz_ros2_control/install/ign_ros2_control/share/ign_ros2_control/hook/ld_library_path_lib.ps1'
[0.547s] INFO:colcon.colcon_core.shell:Creating environment descriptor '/media/psf/Home/Desktop/business-1/test-repo/ros2-control-demo/gz_ros2_control/install/ign_ros2_control/share/ign_ros2_control/hook/ld_library_path_lib.dsv'
[0.547s] INFO:colcon.colcon_core.shell:Creating environment hook '/media/psf/Home/Desktop/business-1/test-repo/ros2-control-demo/gz_ros2_control/install/ign_ros2_control/share/ign_ros2_control/hook/ld_library_path_lib.sh'
[0.548s] Level 1:colcon.colcon_core.environment:checking '/media/psf/Home/Desktop/business-1/test-repo/ros2-control-demo/gz_ros2_control/install/ign_ros2_control/bin'
[0.548s] Level 1:colcon.colcon_core.environment:checking '/media/psf/Home/Desktop/business-1/test-repo/ros2-control-demo/gz_ros2_control/install/ign_ros2_control/lib/pkgconfig/ign_ros2_control.pc'
[0.548s] Level 1:colcon.colcon_core.environment:checking '/media/psf/Home/Desktop/business-1/test-repo/ros2-control-demo/gz_ros2_control/install/ign_ros2_control/lib/python3.10/site-packages'
[0.548s] Level 1:colcon.colcon_core.environment:checking '/media/psf/Home/Desktop/business-1/test-repo/ros2-control-demo/gz_ros2_control/install/ign_ros2_control/bin'
[0.548s] INFO:colcon.colcon_core.shell:Creating package script '/media/psf/Home/Desktop/business-1/test-repo/ros2-control-demo/gz_ros2_control/install/ign_ros2_control/share/ign_ros2_control/package.ps1'
[0.549s] INFO:colcon.colcon_core.shell:Creating package descriptor '/media/psf/Home/Desktop/business-1/test-repo/ros2-control-demo/gz_ros2_control/install/ign_ros2_control/share/ign_ros2_control/package.dsv'
[0.550s] INFO:colcon.colcon_core.shell:Creating package script '/media/psf/Home/Desktop/business-1/test-repo/ros2-control-demo/gz_ros2_control/install/ign_ros2_control/share/ign_ros2_control/package.sh'
[0.550s] INFO:colcon.colcon_core.shell:Creating package script '/media/psf/Home/Desktop/business-1/test-repo/ros2-control-demo/gz_ros2_control/install/ign_ros2_control/share/ign_ros2_control/package.bash'
[0.551s] INFO:colcon.colcon_core.shell:Creating package script '/media/psf/Home/Desktop/business-1/test-repo/ros2-control-demo/gz_ros2_control/install/ign_ros2_control/share/ign_ros2_control/package.zsh'
[0.551s] Level 1:colcon.colcon_core.environment:create_file_with_runtime_dependencies(/media/psf/Home/Desktop/business-1/test-repo/ros2-control-demo/gz_ros2_control/install/ign_ros2_control/share/colcon-core/packages/ign_ros2_control)
[0.584s] Level 1:colcon.colcon_core.environment:create_environment_scripts_only(ign_ros2_control)
[0.584s] Level 1:colcon.colcon_core.environment:checking '/media/psf/Home/Desktop/business-1/test-repo/ros2-control-demo/gz_ros2_control/install/ign_ros2_control' for CMake module files
[0.587s] Level 1:colcon.colcon_core.environment:checking '/media/psf/Home/Desktop/business-1/test-repo/ros2-control-demo/gz_ros2_control/install/ign_ros2_control' for CMake config files
[0.590s] Level 1:colcon.colcon_core.shell:create_environment_hook('ign_ros2_control', 'cmake_prefix_path')
[0.590s] INFO:colcon.colcon_core.shell:Creating environment hook '/media/psf/Home/Desktop/business-1/test-repo/ros2-control-demo/gz_ros2_control/install/ign_ros2_control/share/ign_ros2_control/hook/cmake_prefix_path.ps1'
[0.590s] INFO:colcon.colcon_core.shell:Creating environment descriptor '/media/psf/Home/Desktop/business-1/test-repo/ros2-control-demo/gz_ros2_control/install/ign_ros2_control/share/ign_ros2_control/hook/cmake_prefix_path.dsv'
[0.591s] INFO:colcon.colcon_core.shell:Creating environment hook '/media/psf/Home/Desktop/business-1/test-repo/ros2-control-demo/gz_ros2_control/install/ign_ros2_control/share/ign_ros2_control/hook/cmake_prefix_path.sh'
[0.592s] Level 1:colcon.colcon_core.environment:checking '/media/psf/Home/Desktop/business-1/test-repo/ros2-control-demo/gz_ros2_control/install/ign_ros2_control/lib'
[0.592s] Level 1:colcon.colcon_core.shell:create_environment_hook('ign_ros2_control', 'ld_library_path_lib')
[0.593s] INFO:colcon.colcon_core.shell:Creating environment hook '/media/psf/Home/Desktop/business-1/test-repo/ros2-control-demo/gz_ros2_control/install/ign_ros2_control/share/ign_ros2_control/hook/ld_library_path_lib.ps1'
[0.593s] INFO:colcon.colcon_core.shell:Creating environment descriptor '/media/psf/Home/Desktop/business-1/test-repo/ros2-control-demo/gz_ros2_control/install/ign_ros2_control/share/ign_ros2_control/hook/ld_library_path_lib.dsv'
[0.593s] INFO:colcon.colcon_core.shell:Creating environment hook '/media/psf/Home/Desktop/business-1/test-repo/ros2-control-demo/gz_ros2_control/install/ign_ros2_control/share/ign_ros2_control/hook/ld_library_path_lib.sh'
[0.594s] Level 1:colcon.colcon_core.environment:checking '/media/psf/Home/Desktop/business-1/test-repo/ros2-control-demo/gz_ros2_control/install/ign_ros2_control/bin'
[0.594s] Level 1:colcon.colcon_core.environment:checking '/media/psf/Home/Desktop/business-1/test-repo/ros2-control-demo/gz_ros2_control/install/ign_ros2_control/lib/pkgconfig/ign_ros2_control.pc'
[0.594s] Level 1:colcon.colcon_core.environment:checking '/media/psf/Home/Desktop/business-1/test-repo/ros2-control-demo/gz_ros2_control/install/ign_ros2_control/lib/python3.10/site-packages'
[0.594s] Level 1:colcon.colcon_core.environment:checking '/media/psf/Home/Desktop/business-1/test-repo/ros2-control-demo/gz_ros2_control/install/ign_ros2_control/bin'
[0.595s] INFO:colcon.colcon_core.shell:Creating package script '/media/psf/Home/Desktop/business-1/test-repo/ros2-control-demo/gz_ros2_control/install/ign_ros2_control/share/ign_ros2_control/package.ps1'
[0.595s] INFO:colcon.colcon_core.shell:Creating package descriptor '/media/psf/Home/Desktop/business-1/test-repo/ros2-control-demo/gz_ros2_control/install/ign_ros2_control/share/ign_ros2_control/package.dsv'
[0.596s] INFO:colcon.colcon_core.shell:Creating package script '/media/psf/Home/Desktop/business-1/test-repo/ros2-control-demo/gz_ros2_control/install/ign_ros2_control/share/ign_ros2_control/package.sh'
[0.596s] INFO:colcon.colcon_core.shell:Creating package script '/media/psf/Home/Desktop/business-1/test-repo/ros2-control-demo/gz_ros2_control/install/ign_ros2_control/share/ign_ros2_control/package.bash'
[0.596s] INFO:colcon.colcon_core.shell:Creating package script '/media/psf/Home/Desktop/business-1/test-repo/ros2-control-demo/gz_ros2_control/install/ign_ros2_control/share/ign_ros2_control/package.zsh'
[0.597s] Level 1:colcon.colcon_core.environment:create_file_with_runtime_dependencies(/media/psf/Home/Desktop/business-1/test-repo/ros2-control-demo/gz_ros2_control/install/ign_ros2_control/share/colcon-core/packages/ign_ros2_control)
[0.597s] INFO:colcon.colcon_ros.task.ament_cmake.build:Building ROS package in '/media/psf/Home/Desktop/business-1/test-repo/ros2-control-demo/gz_ros2_control/gz_ros2_control_tests' with build type 'ament_cmake'
[0.598s] INFO:colcon.colcon_cmake.task.cmake.build:Building CMake package in '/media/psf/Home/Desktop/business-1/test-repo/ros2-control-demo/gz_ros2_control/gz_ros2_control_tests'
[0.598s] INFO:colcon.colcon_core.shell:Skip shell extension 'powershell' for command environment: Not usable outside of PowerShell
[0.598s] DEBUG:colcon.colcon_core.shell:Skip shell extension 'dsv' for command environment
[0.603s] INFO:colcon.colcon_ros.task.ament_cmake.build:Building ROS package in '/media/psf/Home/Desktop/business-1/test-repo/ros2-control-demo/gz_ros2_control/ign_ros2_control_demos' with build type 'ament_cmake'
[0.603s] INFO:colcon.colcon_cmake.task.cmake.build:Building CMake package in '/media/psf/Home/Desktop/business-1/test-repo/ros2-control-demo/gz_ros2_control/ign_ros2_control_demos'
[0.603s] INFO:colcon.colcon_core.shell:Skip shell extension 'powershell' for command environment: Not usable outside of PowerShell
[0.604s] DEBUG:colcon.colcon_core.shell:Skip shell extension 'dsv' for command environment
[0.616s] DEBUG:colcon.colcon_core.event_handler.log_command:Invoking command in '/media/psf/Home/Desktop/business-1/test-repo/ros2-control-demo/gz_ros2_control/build/gz_ros2_control_tests': CMAKE_PREFIX_PATH=/media/psf/Home/Desktop/business-1/test-repo/ros2-control-demo/gz_ros2_control/install/ign_ros2_control:/media/psf/Home/Desktop/business-1/test-repo/ros2-control-demo/gz_ros2_control/install/ign_ros2_control_demos:/media/psf/Home/Desktop/business-1/test-repo/ros2-control-demo/gz_ros2_control/install/gz_ros2_control_tests:/media/psf/Home/Desktop/business-1/test-repo/ros2-control-demo/gz_ros2_control/ign_ros2_control_demos/install/ign_ros2_control_demos:/opt/ros/humble /usr/bin/cmake --build /media/psf/Home/Desktop/business-1/test-repo/ros2-control-demo/gz_ros2_control/build/gz_ros2_control_tests -- -j4 -l4
[0.621s] DEBUG:colcon.colcon_core.event_handler.log_command:Invoking command in '/media/psf/Home/Desktop/business-1/test-repo/ros2-control-demo/gz_ros2_control/build/ign_ros2_control_demos': CMAKE_PREFIX_PATH=/media/psf/Home/Desktop/business-1/test-repo/ros2-control-demo/gz_ros2_control/install/ign_ros2_control:/media/psf/Home/Desktop/business-1/test-repo/ros2-control-demo/gz_ros2_control/install/ign_ros2_control_demos:/media/psf/Home/Desktop/business-1/test-repo/ros2-control-demo/gz_ros2_control/install/gz_ros2_control_tests:/media/psf/Home/Desktop/business-1/test-repo/ros2-control-demo/gz_ros2_control/ign_ros2_control_demos/install/ign_ros2_control_demos:/opt/ros/humble /usr/bin/cmake --build /media/psf/Home/Desktop/business-1/test-repo/ros2-control-demo/gz_ros2_control/build/ign_ros2_control_demos -- -j4 -l4
[0.814s] DEBUG:colcon.colcon_core.event_handler.log_command:Invoked command in '/media/psf/Home/Desktop/business-1/test-repo/ros2-control-demo/gz_ros2_control/build/gz_ros2_control_tests' returned '0': CMAKE_PREFIX_PATH=/media/psf/Home/Desktop/business-1/test-repo/ros2-control-demo/gz_ros2_control/install/ign_ros2_control:/media/psf/Home/Desktop/business-1/test-repo/ros2-control-demo/gz_ros2_control/install/ign_ros2_control_demos:/media/psf/Home/Desktop/business-1/test-repo/ros2-control-demo/gz_ros2_control/install/gz_ros2_control_tests:/media/psf/Home/Desktop/business-1/test-repo/ros2-control-demo/gz_ros2_control/ign_ros2_control_demos/install/ign_ros2_control_demos:/opt/ros/humble /usr/bin/cmake --build /media/psf/Home/Desktop/business-1/test-repo/ros2-control-demo/gz_ros2_control/build/gz_ros2_control_tests -- -j4 -l4
[0.882s] DEBUG:colcon.colcon_core.event_handler.log_command:Invoking command in '/media/psf/Home/Desktop/business-1/test-repo/ros2-control-demo/gz_ros2_control/build/gz_ros2_control_tests': CMAKE_PREFIX_PATH=/media/psf/Home/Desktop/business-1/test-repo/ros2-control-demo/gz_ros2_control/install/ign_ros2_control:/media/psf/Home/Desktop/business-1/test-repo/ros2-control-demo/gz_ros2_control/install/ign_ros2_control_demos:/media/psf/Home/Desktop/business-1/test-repo/ros2-control-demo/gz_ros2_control/install/gz_ros2_control_tests:/media/psf/Home/Desktop/business-1/test-repo/ros2-control-demo/gz_ros2_control/ign_ros2_control_demos/install/ign_ros2_control_demos:/opt/ros/humble /usr/bin/cmake --install /media/psf/Home/Desktop/business-1/test-repo/ros2-control-demo/gz_ros2_control/build/gz_ros2_control_tests
[0.922s] Level 1:colcon.colcon_core.environment:create_environment_scripts_only(gz_ros2_control_tests)
[0.922s] Level 1:colcon.colcon_core.environment:checking '/media/psf/Home/Desktop/business-1/test-repo/ros2-control-demo/gz_ros2_control/install/gz_ros2_control_tests' for CMake module files
[0.922s] DEBUG:colcon.colcon_core.event_handler.log_command:Invoked command in '/media/psf/Home/Desktop/business-1/test-repo/ros2-control-demo/gz_ros2_control/build/gz_ros2_control_tests' returned '0': CMAKE_PREFIX_PATH=/media/psf/Home/Desktop/business-1/test-repo/ros2-control-demo/gz_ros2_control/install/ign_ros2_control:/media/psf/Home/Desktop/business-1/test-repo/ros2-control-demo/gz_ros2_control/install/ign_ros2_control_demos:/media/psf/Home/Desktop/business-1/test-repo/ros2-control-demo/gz_ros2_control/install/gz_ros2_control_tests:/media/psf/Home/Desktop/business-1/test-repo/ros2-control-demo/gz_ros2_control/ign_ros2_control_demos/install/ign_ros2_control_demos:/opt/ros/humble /usr/bin/cmake --install /media/psf/Home/Desktop/business-1/test-repo/ros2-control-demo/gz_ros2_control/build/gz_ros2_control_tests
[0.928s] Level 1:colcon.colcon_core.environment:checking '/media/psf/Home/Desktop/business-1/test-repo/ros2-control-demo/gz_ros2_control/install/gz_ros2_control_tests' for CMake config files
[0.929s] Level 1:colcon.colcon_core.shell:create_environment_hook('gz_ros2_control_tests', 'cmake_prefix_path')
[0.930s] INFO:colcon.colcon_core.shell:Creating environment hook '/media/psf/Home/Desktop/business-1/test-repo/ros2-control-demo/gz_ros2_control/install/gz_ros2_control_tests/share/gz_ros2_control_tests/hook/cmake_prefix_path.ps1'
[0.930s] INFO:colcon.colcon_core.shell:Creating environment descriptor '/media/psf/Home/Desktop/business-1/test-repo/ros2-control-demo/gz_ros2_control/install/gz_ros2_control_tests/share/gz_ros2_control_tests/hook/cmake_prefix_path.dsv'
[0.931s] INFO:colcon.colcon_core.shell:Creating environment hook '/media/psf/Home/Desktop/business-1/test-repo/ros2-control-demo/gz_ros2_control/install/gz_ros2_control_tests/share/gz_ros2_control_tests/hook/cmake_prefix_path.sh'
[0.932s] Level 1:colcon.colcon_core.environment:checking '/media/psf/Home/Desktop/business-1/test-repo/ros2-control-demo/gz_ros2_control/install/gz_ros2_control_tests/lib'
[0.932s] Level 1:colcon.colcon_core.environment:checking '/media/psf/Home/Desktop/business-1/test-repo/ros2-control-demo/gz_ros2_control/install/gz_ros2_control_tests/bin'
[0.932s] Level 1:colcon.colcon_core.environment:checking '/media/psf/Home/Desktop/business-1/test-repo/ros2-control-demo/gz_ros2_control/install/gz_ros2_control_tests/lib/pkgconfig/gz_ros2_control_tests.pc'
[0.932s] Level 1:colcon.colcon_core.environment:checking '/media/psf/Home/Desktop/business-1/test-repo/ros2-control-demo/gz_ros2_control/install/gz_ros2_control_tests/lib/python3.10/site-packages'
[0.932s] Level 1:colcon.colcon_core.environment:checking '/media/psf/Home/Desktop/business-1/test-repo/ros2-control-demo/gz_ros2_control/install/gz_ros2_control_tests/bin'
[0.933s] INFO:colcon.colcon_core.shell:Creating package script '/media/psf/Home/Desktop/business-1/test-repo/ros2-control-demo/gz_ros2_control/install/gz_ros2_control_tests/share/gz_ros2_control_tests/package.ps1'
[0.933s] INFO:colcon.colcon_core.shell:Creating package descriptor '/media/psf/Home/Desktop/business-1/test-repo/ros2-control-demo/gz_ros2_control/install/gz_ros2_control_tests/share/gz_ros2_control_tests/package.dsv'
[0.934s] INFO:colcon.colcon_core.shell:Creating package script '/media/psf/Home/Desktop/business-1/test-repo/ros2-control-demo/gz_ros2_control/install/gz_ros2_control_tests/share/gz_ros2_control_tests/package.sh'
[0.936s] INFO:colcon.colcon_core.shell:Creating package script '/media/psf/Home/Desktop/business-1/test-repo/ros2-control-demo/gz_ros2_control/install/gz_ros2_control_tests/share/gz_ros2_control_tests/package.bash'
[0.937s] INFO:colcon.colcon_core.shell:Creating package script '/media/psf/Home/Desktop/business-1/test-repo/ros2-control-demo/gz_ros2_control/install/gz_ros2_control_tests/share/gz_ros2_control_tests/package.zsh'
[0.937s] Level 1:colcon.colcon_core.environment:create_file_with_runtime_dependencies(/media/psf/Home/Desktop/business-1/test-repo/ros2-control-demo/gz_ros2_control/install/gz_ros2_control_tests/share/colcon-core/packages/gz_ros2_control_tests)
[0.961s] DEBUG:colcon.colcon_core.event_handler.log_command:Invoked command in '/media/psf/Home/Desktop/business-1/test-repo/ros2-control-demo/gz_ros2_control/build/ign_ros2_control_demos' returned '0': CMAKE_PREFIX_PATH=/media/psf/Home/Desktop/business-1/test-repo/ros2-control-demo/gz_ros2_control/install/ign_ros2_control:/media/psf/Home/Desktop/business-1/test-repo/ros2-control-demo/gz_ros2_control/install/ign_ros2_control_demos:/media/psf/Home/Desktop/business-1/test-repo/ros2-control-demo/gz_ros2_control/install/gz_ros2_control_tests:/media/psf/Home/Desktop/business-1/test-repo/ros2-control-demo/gz_ros2_control/ign_ros2_control_demos/install/ign_ros2_control_demos:/opt/ros/humble /usr/bin/cmake --build /media/psf/Home/Desktop/business-1/test-repo/ros2-control-demo/gz_ros2_control/build/ign_ros2_control_demos -- -j4 -l4
[0.966s] Level 1:colcon.colcon_core.environment:create_environment_scripts_only(gz_ros2_control_tests)
[0.966s] Level 1:colcon.colcon_core.environment:checking '/media/psf/Home/Desktop/business-1/test-repo/ros2-control-demo/gz_ros2_control/install/gz_ros2_control_tests' for CMake module files
[0.970s] Level 1:colcon.colcon_core.environment:checking '/media/psf/Home/Desktop/business-1/test-repo/ros2-control-demo/gz_ros2_control/install/gz_ros2_control_tests' for CMake config files
[0.972s] Level 1:colcon.colcon_core.shell:create_environment_hook('gz_ros2_control_tests', 'cmake_prefix_path')
[0.972s] INFO:colcon.colcon_core.shell:Creating environment hook '/media/psf/Home/Desktop/business-1/test-repo/ros2-control-demo/gz_ros2_control/install/gz_ros2_control_tests/share/gz_ros2_control_tests/hook/cmake_prefix_path.ps1'
[0.973s] INFO:colcon.colcon_core.shell:Creating environment descriptor '/media/psf/Home/Desktop/business-1/test-repo/ros2-control-demo/gz_ros2_control/install/gz_ros2_control_tests/share/gz_ros2_control_tests/hook/cmake_prefix_path.dsv'
[0.974s] INFO:colcon.colcon_core.shell:Creating environment hook '/media/psf/Home/Desktop/business-1/test-repo/ros2-control-demo/gz_ros2_control/install/gz_ros2_control_tests/share/gz_ros2_control_tests/hook/cmake_prefix_path.sh'
[0.977s] Level 1:colcon.colcon_core.environment:checking '/media/psf/Home/Desktop/business-1/test-repo/ros2-control-demo/gz_ros2_control/install/gz_ros2_control_tests/lib'
[0.977s] Level 1:colcon.colcon_core.environment:checking '/media/psf/Home/Desktop/business-1/test-repo/ros2-control-demo/gz_ros2_control/install/gz_ros2_control_tests/bin'
[0.977s] Level 1:colcon.colcon_core.environment:checking '/media/psf/Home/Desktop/business-1/test-repo/ros2-control-demo/gz_ros2_control/install/gz_ros2_control_tests/lib/pkgconfig/gz_ros2_control_tests.pc'
[0.977s] Level 1:colcon.colcon_core.environment:checking '/media/psf/Home/Desktop/business-1/test-repo/ros2-control-demo/gz_ros2_control/install/gz_ros2_control_tests/lib/python3.10/site-packages'
[0.978s] Level 1:colcon.colcon_core.environment:checking '/media/psf/Home/Desktop/business-1/test-repo/ros2-control-demo/gz_ros2_control/install/gz_ros2_control_tests/bin'
[0.978s] INFO:colcon.colcon_core.shell:Creating package script '/media/psf/Home/Desktop/business-1/test-repo/ros2-control-demo/gz_ros2_control/install/gz_ros2_control_tests/share/gz_ros2_control_tests/package.ps1'
[0.978s] INFO:colcon.colcon_core.shell:Creating package descriptor '/media/psf/Home/Desktop/business-1/test-repo/ros2-control-demo/gz_ros2_control/install/gz_ros2_control_tests/share/gz_ros2_control_tests/package.dsv'
[0.979s] INFO:colcon.colcon_core.shell:Creating package script '/media/psf/Home/Desktop/business-1/test-repo/ros2-control-demo/gz_ros2_control/install/gz_ros2_control_tests/share/gz_ros2_control_tests/package.sh'
[0.980s] INFO:colcon.colcon_core.shell:Creating package script '/media/psf/Home/Desktop/business-1/test-repo/ros2-control-demo/gz_ros2_control/install/gz_ros2_control_tests/share/gz_ros2_control_tests/package.bash'
[0.980s] INFO:colcon.colcon_core.shell:Creating package script '/media/psf/Home/Desktop/business-1/test-repo/ros2-control-demo/gz_ros2_control/install/gz_ros2_control_tests/share/gz_ros2_control_tests/package.zsh'
[0.981s] Level 1:colcon.colcon_core.environment:create_file_with_runtime_dependencies(/media/psf/Home/Desktop/business-1/test-repo/ros2-control-demo/gz_ros2_control/install/gz_ros2_control_tests/share/colcon-core/packages/gz_ros2_control_tests)
[1.024s] DEBUG:colcon.colcon_core.event_handler.log_command:Invoking command in '/media/psf/Home/Desktop/business-1/test-repo/ros2-control-demo/gz_ros2_control/build/ign_ros2_control_demos': CMAKE_PREFIX_PATH=/media/psf/Home/Desktop/business-1/test-repo/ros2-control-demo/gz_ros2_control/install/ign_ros2_control:/media/psf/Home/Desktop/business-1/test-repo/ros2-control-demo/gz_ros2_control/install/ign_ros2_control_demos:/media/psf/Home/Desktop/business-1/test-repo/ros2-control-demo/gz_ros2_control/install/gz_ros2_control_tests:/media/psf/Home/Desktop/business-1/test-repo/ros2-control-demo/gz_ros2_control/ign_ros2_control_demos/install/ign_ros2_control_demos:/opt/ros/humble /usr/bin/cmake --install /media/psf/Home/Desktop/business-1/test-repo/ros2-control-demo/gz_ros2_control/build/ign_ros2_control_demos
[1.089s] Level 1:colcon.colcon_core.environment:create_environment_scripts_only(ign_ros2_control_demos)
[1.089s] Level 1:colcon.colcon_core.environment:checking '/media/psf/Home/Desktop/business-1/test-repo/ros2-control-demo/gz_ros2_control/install/ign_ros2_control_demos' for CMake module files
[1.089s] DEBUG:colcon.colcon_core.event_handler.log_command:Invoked command in '/media/psf/Home/Desktop/business-1/test-repo/ros2-control-demo/gz_ros2_control/build/ign_ros2_control_demos' returned '0': CMAKE_PREFIX_PATH=/media/psf/Home/Desktop/business-1/test-repo/ros2-control-demo/gz_ros2_control/install/ign_ros2_control:/media/psf/Home/Desktop/business-1/test-repo/ros2-control-demo/gz_ros2_control/install/ign_ros2_control_demos:/media/psf/Home/Desktop/business-1/test-repo/ros2-control-demo/gz_ros2_control/install/gz_ros2_control_tests:/media/psf/Home/Desktop/business-1/test-repo/ros2-control-demo/gz_ros2_control/ign_ros2_control_demos/install/ign_ros2_control_demos:/opt/ros/humble /usr/bin/cmake --install /media/psf/Home/Desktop/business-1/test-repo/ros2-control-demo/gz_ros2_control/build/ign_ros2_control_demos
[1.093s] Level 1:colcon.colcon_core.environment:checking '/media/psf/Home/Desktop/business-1/test-repo/ros2-control-demo/gz_ros2_control/install/ign_ros2_control_demos' for CMake config files
[1.095s] Level 1:colcon.colcon_core.shell:create_environment_hook('ign_ros2_control_demos', 'cmake_prefix_path')
[1.095s] INFO:colcon.colcon_core.shell:Creating environment hook '/media/psf/Home/Desktop/business-1/test-repo/ros2-control-demo/gz_ros2_control/install/ign_ros2_control_demos/share/ign_ros2_control_demos/hook/cmake_prefix_path.ps1'
[1.096s] INFO:colcon.colcon_core.shell:Creating environment descriptor '/media/psf/Home/Desktop/business-1/test-repo/ros2-control-demo/gz_ros2_control/install/ign_ros2_control_demos/share/ign_ros2_control_demos/hook/cmake_prefix_path.dsv'
[1.097s] INFO:colcon.colcon_core.shell:Creating environment hook '/media/psf/Home/Desktop/business-1/test-repo/ros2-control-demo/gz_ros2_control/install/ign_ros2_control_demos/share/ign_ros2_control_demos/hook/cmake_prefix_path.sh'
[1.097s] Level 1:colcon.colcon_core.environment:checking '/media/psf/Home/Desktop/business-1/test-repo/ros2-control-demo/gz_ros2_control/install/ign_ros2_control_demos/lib'
[1.098s] Level 1:colcon.colcon_core.environment:checking '/media/psf/Home/Desktop/business-1/test-repo/ros2-control-demo/gz_ros2_control/install/ign_ros2_control_demos/bin'
[1.098s] Level 1:colcon.colcon_core.environment:checking '/media/psf/Home/Desktop/business-1/test-repo/ros2-control-demo/gz_ros2_control/install/ign_ros2_control_demos/lib/pkgconfig/ign_ros2_control_demos.pc'
[1.098s] Level 1:colcon.colcon_core.environment:checking '/media/psf/Home/Desktop/business-1/test-repo/ros2-control-demo/gz_ros2_control/install/ign_ros2_control_demos/lib/python3.10/site-packages'
[1.098s] Level 1:colcon.colcon_core.environment:checking '/media/psf/Home/Desktop/business-1/test-repo/ros2-control-demo/gz_ros2_control/install/ign_ros2_control_demos/bin'
[1.098s] INFO:colcon.colcon_core.shell:Creating package script '/media/psf/Home/Desktop/business-1/test-repo/ros2-control-demo/gz_ros2_control/install/ign_ros2_control_demos/share/ign_ros2_control_demos/package.ps1'
[1.099s] INFO:colcon.colcon_core.shell:Creating package descriptor '/media/psf/Home/Desktop/business-1/test-repo/ros2-control-demo/gz_ros2_control/install/ign_ros2_control_demos/share/ign_ros2_control_demos/package.dsv'
[1.100s] INFO:colcon.colcon_core.shell:Creating package script '/media/psf/Home/Desktop/business-1/test-repo/ros2-control-demo/gz_ros2_control/install/ign_ros2_control_demos/share/ign_ros2_control_demos/package.sh'
[1.100s] INFO:colcon.colcon_core.shell:Creating package script '/media/psf/Home/Desktop/business-1/test-repo/ros2-control-demo/gz_ros2_control/install/ign_ros2_control_demos/share/ign_ros2_control_demos/package.bash'
[1.101s] INFO:colcon.colcon_core.shell:Creating package script '/media/psf/Home/Desktop/business-1/test-repo/ros2-control-demo/gz_ros2_control/install/ign_ros2_control_demos/share/ign_ros2_control_demos/package.zsh'
[1.101s] Level 1:colcon.colcon_core.environment:create_file_with_runtime_dependencies(/media/psf/Home/Desktop/business-1/test-repo/ros2-control-demo/gz_ros2_control/install/ign_ros2_control_demos/share/colcon-core/packages/ign_ros2_control_demos)
[1.162s] Level 1:colcon.colcon_core.environment:create_environment_scripts_only(ign_ros2_control_demos)
[1.162s] Level 1:colcon.colcon_core.environment:checking '/media/psf/Home/Desktop/business-1/test-repo/ros2-control-demo/gz_ros2_control/install/ign_ros2_control_demos' for CMake module files
[1.165s] Level 1:colcon.colcon_core.environment:checking '/media/psf/Home/Desktop/business-1/test-repo/ros2-control-demo/gz_ros2_control/install/ign_ros2_control_demos' for CMake config files
[1.167s] Level 1:colcon.colcon_core.shell:create_environment_hook('ign_ros2_control_demos', 'cmake_prefix_path')
[1.167s] INFO:colcon.colcon_core.shell:Creating environment hook '/media/psf/Home/Desktop/business-1/test-repo/ros2-control-demo/gz_ros2_control/install/ign_ros2_control_demos/share/ign_ros2_control_demos/hook/cmake_prefix_path.ps1'
[1.168s] INFO:colcon.colcon_core.shell:Creating environment descriptor '/media/psf/Home/Desktop/business-1/test-repo/ros2-control-demo/gz_ros2_control/install/ign_ros2_control_demos/share/ign_ros2_control_demos/hook/cmake_prefix_path.dsv'
[1.169s] INFO:colcon.colcon_core.shell:Creating environment hook '/media/psf/Home/Desktop/business-1/test-repo/ros2-control-demo/gz_ros2_control/install/ign_ros2_control_demos/share/ign_ros2_control_demos/hook/cmake_prefix_path.sh'
[1.170s] Level 1:colcon.colcon_core.environment:checking '/media/psf/Home/Desktop/business-1/test-repo/ros2-control-demo/gz_ros2_control/install/ign_ros2_control_demos/lib'
[1.170s] Level 1:colcon.colcon_core.environment:checking '/media/psf/Home/Desktop/business-1/test-repo/ros2-control-demo/gz_ros2_control/install/ign_ros2_control_demos/bin'
[1.170s] Level 1:colcon.colcon_core.environment:checking '/media/psf/Home/Desktop/business-1/test-repo/ros2-control-demo/gz_ros2_control/install/ign_ros2_control_demos/lib/pkgconfig/ign_ros2_control_demos.pc'
[1.170s] Level 1:colcon.colcon_core.environment:checking '/media/psf/Home/Desktop/business-1/test-repo/ros2-control-demo/gz_ros2_control/install/ign_ros2_control_demos/lib/python3.10/site-packages'
[1.171s] Level 1:colcon.colcon_core.environment:checking '/media/psf/Home/Desktop/business-1/test-repo/ros2-control-demo/gz_ros2_control/install/ign_ros2_control_demos/bin'
[1.171s] INFO:colcon.colcon_core.shell:Creating package script '/media/psf/Home/Desktop/business-1/test-repo/ros2-control-demo/gz_ros2_control/install/ign_ros2_control_demos/share/ign_ros2_control_demos/package.ps1'
[1.171s] INFO:colcon.colcon_core.shell:Creating package descriptor '/media/psf/Home/Desktop/business-1/test-repo/ros2-control-demo/gz_ros2_control/install/ign_ros2_control_demos/share/ign_ros2_control_demos/package.dsv'
[1.172s] INFO:colcon.colcon_core.shell:Creating package script '/media/psf/Home/Desktop/business-1/test-repo/ros2-control-demo/gz_ros2_control/install/ign_ros2_control_demos/share/ign_ros2_control_demos/package.sh'
[1.172s] INFO:colcon.colcon_core.shell:Creating package script '/media/psf/Home/Desktop/business-1/test-repo/ros2-control-demo/gz_ros2_control/install/ign_ros2_control_demos/share/ign_ros2_control_demos/package.bash'
[1.172s] INFO:colcon.colcon_core.shell:Creating package script '/media/psf/Home/Desktop/business-1/test-repo/ros2-control-demo/gz_ros2_control/install/ign_ros2_control_demos/share/ign_ros2_control_demos/package.zsh'
[1.173s] Level 1:colcon.colcon_core.environment:create_file_with_runtime_dependencies(/media/psf/Home/Desktop/business-1/test-repo/ros2-control-demo/gz_ros2_control/install/ign_ros2_control_demos/share/colcon-core/packages/ign_ros2_control_demos)
[1.173s] DEBUG:colcon.colcon_parallel_executor.executor.parallel:closing loop
[1.174s] DEBUG:colcon.colcon_parallel_executor.executor.parallel:loop closed
[1.174s] DEBUG:colcon.colcon_parallel_executor.executor.parallel:run_until_complete finished with '0'
[1.174s] DEBUG:colcon.colcon_core.event_reactor:joining thread
[1.178s] INFO:colcon.colcon_core.plugin_system:Skipping extension 'colcon_notification.desktop_notification.terminal_notifier': Not used on non-Darwin systems
[1.178s] INFO:colcon.colcon_core.plugin_system:Skipping extension 'colcon_notification.desktop_notification.win32': Not used on non-Windows systems
[1.178s] INFO:colcon.colcon_notification.desktop_notification:Sending desktop notification using 'notify2'
[1.185s] DEBUG:colcon.colcon_core.event_reactor:joined thread
[1.185s] INFO:colcon.colcon_core.shell:Creating prefix script '/media/psf/Home/Desktop/business-1/test-repo/ros2-control-demo/gz_ros2_control/install/local_setup.ps1'
[1.186s] INFO:colcon.colcon_core.shell:Creating prefix util module '/media/psf/Home/Desktop/business-1/test-repo/ros2-control-demo/gz_ros2_control/install/_local_setup_util_ps1.py'
[1.187s] INFO:colcon.colcon_core.shell:Creating prefix chain script '/media/psf/Home/Desktop/business-1/test-repo/ros2-control-demo/gz_ros2_control/install/setup.ps1'
[1.190s] INFO:colcon.colcon_core.shell:Creating prefix script '/media/psf/Home/Desktop/business-1/test-repo/ros2-control-demo/gz_ros2_control/install/local_setup.sh'
[1.190s] INFO:colcon.colcon_core.shell:Creating prefix util module '/media/psf/Home/Desktop/business-1/test-repo/ros2-control-demo/gz_ros2_control/install/_local_setup_util_sh.py'
[1.191s] INFO:colcon.colcon_core.shell:Creating prefix chain script '/media/psf/Home/Desktop/business-1/test-repo/ros2-control-demo/gz_ros2_control/install/setup.sh'
[1.193s] INFO:colcon.colcon_core.shell:Creating prefix script '/media/psf/Home/Desktop/business-1/test-repo/ros2-control-demo/gz_ros2_control/install/local_setup.bash'
[1.194s] INFO:colcon.colcon_core.shell:Creating prefix chain script '/media/psf/Home/Desktop/business-1/test-repo/ros2-control-demo/gz_ros2_control/install/setup.bash'
[1.201s] INFO:colcon.colcon_core.shell:Creating prefix script '/media/psf/Home/Desktop/business-1/test-repo/ros2-control-demo/gz_ros2_control/install/local_setup.zsh'
[1.202s] INFO:colcon.colcon_core.shell:Creating prefix chain script '/media/psf/Home/Desktop/business-1/test-repo/ros2-control-demo/gz_ros2_control/install/setup.zsh'
