[0.037s] Invoking command in '/media/psf/Home/Desktop/business-1/test-repo/ros2-control-demo/gz_ros2_control/ign_ros2_control_demos/build/ign_ros2_control_demos': CMAKE_PREFIX_PATH=${CMAKE_PREFIX_PATH}:/opt/ros/humble /usr/bin/cmake --build /media/psf/Home/Desktop/business-1/test-repo/ros2-control-demo/gz_ros2_control/ign_ros2_control_demos/build/ign_ros2_control_demos -- -j4 -l4
[0.064s] -- Found ament_cmake: 1.3.10 (/opt/ros/humble/share/ament_cmake/cmake)
[0.139s] -- Override CMake install command with custom implementation using symlinks instead of copying resources
[0.148s] -- Found control_msgs: 4.6.0 (/opt/ros/humble/share/control_msgs/cmake)
[0.164s] -- Found rosidl_generator_c: 3.1.5 (/opt/ros/humble/share/rosidl_generator_c/cmake)
[0.165s] -- Found rosidl_adapter: 3.1.5 (/opt/ros/humble/share/rosidl_adapter/cmake)
[0.168s] -- Found rosidl_generator_cpp: 3.1.5 (/opt/ros/humble/share/rosidl_generator_cpp/cmake)
[0.173s] -- Using all available rosidl_typesupport_c: rosidl_typesupport_fastrtps_c;rosidl_typesupport_introspection_c
[0.180s] -- Using all available rosidl_typesupport_cpp: rosidl_typesupport_fastrtps_cpp;rosidl_typesupport_introspection_cpp
[0.261s] -- Found rclcpp: 16.0.10 (/opt/ros/humble/share/rclcpp/cmake)
[0.276s] -- Found rmw_implementation_cmake: 6.1.2 (/opt/ros/humble/share/rmw_implementation_cmake/cmake)
[0.278s] -- Found rmw_fastrtps_cpp: 6.2.7 (/opt/ros/humble/share/rmw_fastrtps_cpp/cmake)
[0.355s] -- Using RMW implementation 'rmw_fastrtps_cpp' as default
[0.376s] -- Found rclcpp_action: 16.0.10 (/opt/ros/humble/share/rclcpp_action/cmake)
[0.384s] -- Found ament_cmake_gtest: 1.3.10 (/opt/ros/humble/share/ament_cmake_gtest/cmake)
[0.385s] -- Found ament_lint_auto: 0.12.11 (/opt/ros/humble/share/ament_lint_auto/cmake)
[0.434s] -- Added test 'copyright' to check source files copyright and LICENSE
[0.660s] -- Added test 'cppcheck' to perform static code analysis on C / C++ code
[0.660s] -- Configured cppcheck include dirs: 
[0.661s] -- Configured cppcheck exclude dirs and/or files: 
[0.922s] -- Added test 'cpplint' to check C / C++ code against the Google style
[0.922s] -- Configured cpplint exclude dirs and/or files: 
[0.962s] -- Added test 'flake8' to check Python code syntax and style conventions
[1.026s] -- Added test 'lint_cmake' to check CMake code style
[1.064s] -- Added test 'pep257' to check Python code against some of the docstring style conventions in PEP 257
[1.284s] -- Added test 'uncrustify' to check C / C++ code style
[1.284s] -- Configured uncrustify additional arguments: 
[1.314s] -- Added test 'xmllint' to check XML markup files
[1.317s] -- Configuring done
[1.396s] -- Generating done
[1.408s] -- Build files have been written to: /media/psf/Home/Desktop/business-1/test-repo/ros2-control-demo/gz_ros2_control/ign_ros2_control_demos/build/ign_ros2_control_demos
[1.440s] [35m[1mConsolidate compiler generated dependencies of target example_velocity[0m
[1.453s] [35m[1mConsolidate compiler generated dependencies of target example_arm[0m
[1.453s] [35m[1mConsolidate compiler generated dependencies of target example_position[0m
[1.538s] [ 12%] Built target example_velocity
[1.543s] [ 25%] Built target example_position
[1.550s] [35m[1mConsolidate compiler generated dependencies of target example_diff_drive[0m
[1.559s] [35m[1mConsolidate compiler generated dependencies of target example_effort[0m
[1.564s] [ 37%] Built target example_arm
[1.608s] [35m[1mConsolidate compiler generated dependencies of target example_tricycle_drive[0m
[1.647s] [ 50%] Built target example_effort
[1.648s] [ 62%] Built target example_diff_drive
[1.656s] [35m[1mConsolidate compiler generated dependencies of target example_ackermann_drive[0m
[1.658s] [35m[1mConsolidate compiler generated dependencies of target example_gripper[0m
[1.685s] [ 75%] Built target example_tricycle_drive
[1.745s] [ 87%] Built target example_ackermann_drive
[1.753s] [100%] Built target example_gripper
[1.766s] Invoked command in '/media/psf/Home/Desktop/business-1/test-repo/ros2-control-demo/gz_ros2_control/ign_ros2_control_demos/build/ign_ros2_control_demos' returned '0': CMAKE_PREFIX_PATH=${CMAKE_PREFIX_PATH}:/opt/ros/humble /usr/bin/cmake --build /media/psf/Home/Desktop/business-1/test-repo/ros2-control-demo/gz_ros2_control/ign_ros2_control_demos/build/ign_ros2_control_demos -- -j4 -l4
[1.858s] Invoking command in '/media/psf/Home/Desktop/business-1/test-repo/ros2-control-demo/gz_ros2_control/ign_ros2_control_demos/build/ign_ros2_control_demos': CMAKE_PREFIX_PATH=${CMAKE_PREFIX_PATH}:/opt/ros/humble /usr/bin/cmake --install /media/psf/Home/Desktop/business-1/test-repo/ros2-control-demo/gz_ros2_control/ign_ros2_control_demos/build/ign_ros2_control_demos
[1.862s] -- Install configuration: ""
[1.864s] -- Execute custom install script
[1.866s] -- Up-to-date symlink: /media/psf/Home/Desktop/business-1/test-repo/ros2-control-demo/gz_ros2_control/ign_ros2_control_demos/install/ign_ros2_control_demos/share/ign_ros2_control_demos//launch/ackermann_drive_example.launch.py
[1.867s] -- Up-to-date symlink: /media/psf/Home/Desktop/business-1/test-repo/ros2-control-demo/gz_ros2_control/ign_ros2_control_demos/install/ign_ros2_control_demos/share/ign_ros2_control_demos//launch/arm.launch.py
[1.868s] -- Up-to-date symlink: /media/psf/Home/Desktop/business-1/test-repo/ros2-control-demo/gz_ros2_control/ign_ros2_control_demos/install/ign_ros2_control_demos/share/ign_ros2_control_demos//launch/arm2.launch.py
[1.868s] -- Up-to-date symlink: /media/psf/Home/Desktop/business-1/test-repo/ros2-control-demo/gz_ros2_control/ign_ros2_control_demos/install/ign_ros2_control_demos/share/ign_ros2_control_demos//launch/cart_example_effort.launch.py
[1.869s] -- Up-to-date symlink: /media/psf/Home/Desktop/business-1/test-repo/ros2-control-demo/gz_ros2_control/ign_ros2_control_demos/install/ign_ros2_control_demos/share/ign_ros2_control_demos//launch/cart_example_position.launch.py
[1.870s] -- Up-to-date symlink: /media/psf/Home/Desktop/business-1/test-repo/ros2-control-demo/gz_ros2_control/ign_ros2_control_demos/install/ign_ros2_control_demos/share/ign_ros2_control_demos//launch/cart_example_velocity.launch.py
[1.870s] -- Up-to-date symlink: /media/psf/Home/Desktop/business-1/test-repo/ros2-control-demo/gz_ros2_control/ign_ros2_control_demos/install/ign_ros2_control_demos/share/ign_ros2_control_demos//launch/diff_drive_example.launch.py
[1.871s] -- Up-to-date symlink: /media/psf/Home/Desktop/business-1/test-repo/ros2-control-demo/gz_ros2_control/ign_ros2_control_demos/install/ign_ros2_control_demos/share/ign_ros2_control_demos//launch/gripper_mimic_joint_example.launch.py
[1.871s] -- Up-to-date symlink: /media/psf/Home/Desktop/business-1/test-repo/ros2-control-demo/gz_ros2_control/ign_ros2_control_demos/install/ign_ros2_control_demos/share/ign_ros2_control_demos//launch/pendulum_example_effort.launch.py
[1.872s] -- Up-to-date symlink: /media/psf/Home/Desktop/business-1/test-repo/ros2-control-demo/gz_ros2_control/ign_ros2_control_demos/install/ign_ros2_control_demos/share/ign_ros2_control_demos//launch/pendulum_example_position.launch.py
[1.872s] -- Up-to-date symlink: /media/psf/Home/Desktop/business-1/test-repo/ros2-control-demo/gz_ros2_control/ign_ros2_control_demos/install/ign_ros2_control_demos/share/ign_ros2_control_demos//launch/tricycle_drive_example.launch.py
[1.873s] -- Up-to-date symlink: /media/psf/Home/Desktop/business-1/test-repo/ros2-control-demo/gz_ros2_control/ign_ros2_control_demos/install/ign_ros2_control_demos/share/ign_ros2_control_demos//config/ackermann_drive_controller.yaml
[1.874s] -- Up-to-date symlink: /media/psf/Home/Desktop/business-1/test-repo/ros2-control-demo/gz_ros2_control/ign_ros2_control_demos/install/ign_ros2_control_demos/share/ign_ros2_control_demos//config/arm.yaml
[1.874s] -- Up-to-date symlink: /media/psf/Home/Desktop/business-1/test-repo/ros2-control-demo/gz_ros2_control/ign_ros2_control_demos/install/ign_ros2_control_demos/share/ign_ros2_control_demos//config/cart_controller_effort.yaml
[1.875s] -- Up-to-date symlink: /media/psf/Home/Desktop/business-1/test-repo/ros2-control-demo/gz_ros2_control/ign_ros2_control_demos/install/ign_ros2_control_demos/share/ign_ros2_control_demos//config/cart_controller_position.yaml
[1.875s] -- Up-to-date symlink: /media/psf/Home/Desktop/business-1/test-repo/ros2-control-demo/gz_ros2_control/ign_ros2_control_demos/install/ign_ros2_control_demos/share/ign_ros2_control_demos//config/cart_controller_velocity.yaml
[1.876s] -- Up-to-date symlink: /media/psf/Home/Desktop/business-1/test-repo/ros2-control-demo/gz_ros2_control/ign_ros2_control_demos/install/ign_ros2_control_demos/share/ign_ros2_control_demos//config/diff_drive_controller_velocity.yaml
[1.876s] -- Up-to-date symlink: /media/psf/Home/Desktop/business-1/test-repo/ros2-control-demo/gz_ros2_control/ign_ros2_control_demos/install/ign_ros2_control_demos/share/ign_ros2_control_demos//config/gripper_controller.yaml
[1.877s] -- Up-to-date symlink: /media/psf/Home/Desktop/business-1/test-repo/ros2-control-demo/gz_ros2_control/ign_ros2_control_demos/install/ign_ros2_control_demos/share/ign_ros2_control_demos//config/tricycle_drive_controller.yaml
[1.877s] -- Up-to-date symlink: /media/psf/Home/Desktop/business-1/test-repo/ros2-control-demo/gz_ros2_control/ign_ros2_control_demos/install/ign_ros2_control_demos/share/ign_ros2_control_demos//urdf/arm.urdf.xacro
[1.880s] -- Up-to-date symlink: /media/psf/Home/Desktop/business-1/test-repo/ros2-control-demo/gz_ros2_control/ign_ros2_control_demos/install/ign_ros2_control_demos/share/ign_ros2_control_demos//urdf/test_ackermann_drive.xacro.urdf
[1.881s] -- Up-to-date symlink: /media/psf/Home/Desktop/business-1/test-repo/ros2-control-demo/gz_ros2_control/ign_ros2_control_demos/install/ign_ros2_control_demos/share/ign_ros2_control_demos//urdf/test_cart_effort.xacro.urdf
[1.882s] -- Up-to-date symlink: /media/psf/Home/Desktop/business-1/test-repo/ros2-control-demo/gz_ros2_control/ign_ros2_control_demos/install/ign_ros2_control_demos/share/ign_ros2_control_demos//urdf/test_cart_position.xacro.urdf
[1.882s] -- Up-to-date symlink: /media/psf/Home/Desktop/business-1/test-repo/ros2-control-demo/gz_ros2_control/ign_ros2_control_demos/install/ign_ros2_control_demos/share/ign_ros2_control_demos//urdf/test_cart_velocity.xacro.urdf
[1.883s] -- Up-to-date symlink: /media/psf/Home/Desktop/business-1/test-repo/ros2-control-demo/gz_ros2_control/ign_ros2_control_demos/install/ign_ros2_control_demos/share/ign_ros2_control_demos//urdf/test_diff_drive.xacro.urdf
[1.883s] -- Up-to-date symlink: /media/psf/Home/Desktop/business-1/test-repo/ros2-control-demo/gz_ros2_control/ign_ros2_control_demos/install/ign_ros2_control_demos/share/ign_ros2_control_demos//urdf/test_gripper_mimic_joint.xacro.urdf
[1.883s] -- Up-to-date symlink: /media/psf/Home/Desktop/business-1/test-repo/ros2-control-demo/gz_ros2_control/ign_ros2_control_demos/install/ign_ros2_control_demos/share/ign_ros2_control_demos//urdf/test_pendulum_effort.xacro.urdf
[1.884s] -- Up-to-date symlink: /media/psf/Home/Desktop/business-1/test-repo/ros2-control-demo/gz_ros2_control/ign_ros2_control_demos/install/ign_ros2_control_demos/share/ign_ros2_control_demos//urdf/test_pendulum_position.xacro.urdf
[1.884s] -- Up-to-date symlink: /media/psf/Home/Desktop/business-1/test-repo/ros2-control-demo/gz_ros2_control/ign_ros2_control_demos/install/ign_ros2_control_demos/share/ign_ros2_control_demos//urdf/test_tricycle_drive.xacro.urdf
[1.886s] -- Up-to-date symlink: /media/psf/Home/Desktop/business-1/test-repo/ros2-control-demo/gz_ros2_control/ign_ros2_control_demos/install/ign_ros2_control_demos/share/ign_ros2_control_demos//meshes/mycobot_280/base_link.dae
[1.886s] -- Up-to-date symlink: /media/psf/Home/Desktop/business-1/test-repo/ros2-control-demo/gz_ros2_control/ign_ros2_control_demos/install/ign_ros2_control_demos/share/ign_ros2_control_demos//meshes/mycobot_280/base_scaled_up1.dae
[1.886s] -- Up-to-date symlink: /media/psf/Home/Desktop/business-1/test-repo/ros2-control-demo/gz_ros2_control/ign_ros2_control_demos/install/ign_ros2_control_demos/share/ign_ros2_control_demos//meshes/mycobot_280/gripper_base.dae
[1.887s] -- Up-to-date symlink: /media/psf/Home/Desktop/business-1/test-repo/ros2-control-demo/gz_ros2_control/ign_ros2_control_demos/install/ign_ros2_control_demos/share/ign_ros2_control_demos//meshes/mycobot_280/gripper_left1.dae
[1.887s] -- Up-to-date symlink: /media/psf/Home/Desktop/business-1/test-repo/ros2-control-demo/gz_ros2_control/ign_ros2_control_demos/install/ign_ros2_control_demos/share/ign_ros2_control_demos//meshes/mycobot_280/gripper_left2.dae
[1.888s] -- Up-to-date symlink: /media/psf/Home/Desktop/business-1/test-repo/ros2-control-demo/gz_ros2_control/ign_ros2_control_demos/install/ign_ros2_control_demos/share/ign_ros2_control_demos//meshes/mycobot_280/gripper_left3.dae
[1.888s] -- Up-to-date symlink: /media/psf/Home/Desktop/business-1/test-repo/ros2-control-demo/gz_ros2_control/ign_ros2_control_demos/install/ign_ros2_control_demos/share/ign_ros2_control_demos//meshes/mycobot_280/gripper_right1.dae
[1.888s] -- Up-to-date symlink: /media/psf/Home/Desktop/business-1/test-repo/ros2-control-demo/gz_ros2_control/ign_ros2_control_demos/install/ign_ros2_control_demos/share/ign_ros2_control_demos//meshes/mycobot_280/gripper_right2.dae
[1.889s] -- Up-to-date symlink: /media/psf/Home/Desktop/business-1/test-repo/ros2-control-demo/gz_ros2_control/ign_ros2_control_demos/install/ign_ros2_control_demos/share/ign_ros2_control_demos//meshes/mycobot_280/gripper_right3.dae
[1.889s] -- Up-to-date symlink: /media/psf/Home/Desktop/business-1/test-repo/ros2-control-demo/gz_ros2_control/ign_ros2_control_demos/install/ign_ros2_control_demos/share/ign_ros2_control_demos//meshes/mycobot_280/link1.dae
[1.889s] -- Up-to-date symlink: /media/psf/Home/Desktop/business-1/test-repo/ros2-control-demo/gz_ros2_control/ign_ros2_control_demos/install/ign_ros2_control_demos/share/ign_ros2_control_demos//meshes/mycobot_280/link1.png
[1.890s] -- Up-to-date symlink: /media/psf/Home/Desktop/business-1/test-repo/ros2-control-demo/gz_ros2_control/ign_ros2_control_demos/install/ign_ros2_control_demos/share/ign_ros2_control_demos//meshes/mycobot_280/link2.dae
[1.890s] -- Up-to-date symlink: /media/psf/Home/Desktop/business-1/test-repo/ros2-control-demo/gz_ros2_control/ign_ros2_control_demos/install/ign_ros2_control_demos/share/ign_ros2_control_demos//meshes/mycobot_280/link2.png
[1.891s] -- Up-to-date symlink: /media/psf/Home/Desktop/business-1/test-repo/ros2-control-demo/gz_ros2_control/ign_ros2_control_demos/install/ign_ros2_control_demos/share/ign_ros2_control_demos//meshes/mycobot_280/link3.dae
[1.891s] -- Up-to-date symlink: /media/psf/Home/Desktop/business-1/test-repo/ros2-control-demo/gz_ros2_control/ign_ros2_control_demos/install/ign_ros2_control_demos/share/ign_ros2_control_demos//meshes/mycobot_280/link3.png
[1.891s] -- Up-to-date symlink: /media/psf/Home/Desktop/business-1/test-repo/ros2-control-demo/gz_ros2_control/ign_ros2_control_demos/install/ign_ros2_control_demos/share/ign_ros2_control_demos//meshes/mycobot_280/link4.dae
[1.892s] -- Up-to-date symlink: /media/psf/Home/Desktop/business-1/test-repo/ros2-control-demo/gz_ros2_control/ign_ros2_control_demos/install/ign_ros2_control_demos/share/ign_ros2_control_demos//meshes/mycobot_280/link4.png
[1.892s] -- Up-to-date symlink: /media/psf/Home/Desktop/business-1/test-repo/ros2-control-demo/gz_ros2_control/ign_ros2_control_demos/install/ign_ros2_control_demos/share/ign_ros2_control_demos//meshes/mycobot_280/link5.dae
[1.892s] -- Up-to-date symlink: /media/psf/Home/Desktop/business-1/test-repo/ros2-control-demo/gz_ros2_control/ign_ros2_control_demos/install/ign_ros2_control_demos/share/ign_ros2_control_demos//meshes/mycobot_280/link5.png
[1.893s] -- Up-to-date symlink: /media/psf/Home/Desktop/business-1/test-repo/ros2-control-demo/gz_ros2_control/ign_ros2_control_demos/install/ign_ros2_control_demos/share/ign_ros2_control_demos//meshes/mycobot_280/link6.dae
[1.893s] -- Up-to-date symlink: /media/psf/Home/Desktop/business-1/test-repo/ros2-control-demo/gz_ros2_control/ign_ros2_control_demos/install/ign_ros2_control_demos/share/ign_ros2_control_demos//meshes/mycobot_280/link6.png
[1.893s] -- Up-to-date symlink: /media/psf/Home/Desktop/business-1/test-repo/ros2-control-demo/gz_ros2_control/ign_ros2_control_demos/install/ign_ros2_control_demos/share/ign_ros2_control_demos//meshes/mycobot_280/link7.dae
[1.894s] -- Up-to-date symlink: /media/psf/Home/Desktop/business-1/test-repo/ros2-control-demo/gz_ros2_control/ign_ros2_control_demos/install/ign_ros2_control_demos/share/ign_ros2_control_demos//meshes/mycobot_280/link7.png
[1.894s] -- Up-to-date symlink: /media/psf/Home/Desktop/business-1/test-repo/ros2-control-demo/gz_ros2_control/ign_ros2_control_demos/install/ign_ros2_control_demos/share/ign_ros2_control_demos//meshes/mycobot_280/suit_env.dae
[1.895s] -- Up-to-date symlink: /media/psf/Home/Desktop/business-1/test-repo/ros2-control-demo/gz_ros2_control/ign_ros2_control_demos/install/ign_ros2_control_demos/share/ign_ros2_control_demos//rviz/urdf_config.rviz
[1.896s] -- Symlinking: /media/psf/Home/Desktop/business-1/test-repo/ros2-control-demo/gz_ros2_control/ign_ros2_control_demos/install/ign_ros2_control_demos/lib/ign_ros2_control_demos/example_gripper.py
[1.901s] -- Up-to-date symlink: /media/psf/Home/Desktop/business-1/test-repo/ros2-control-demo/gz_ros2_control/ign_ros2_control_demos/install/ign_ros2_control_demos/lib/ign_ros2_control_demos/example_position
[1.901s] -- Up-to-date symlink: /media/psf/Home/Desktop/business-1/test-repo/ros2-control-demo/gz_ros2_control/ign_ros2_control_demos/install/ign_ros2_control_demos/lib/ign_ros2_control_demos/example_arm
[1.901s] -- Up-to-date symlink: /media/psf/Home/Desktop/business-1/test-repo/ros2-control-demo/gz_ros2_control/ign_ros2_control_demos/install/ign_ros2_control_demos/lib/ign_ros2_control_demos/example_velocity
[1.902s] -- Up-to-date symlink: /media/psf/Home/Desktop/business-1/test-repo/ros2-control-demo/gz_ros2_control/ign_ros2_control_demos/install/ign_ros2_control_demos/lib/ign_ros2_control_demos/example_effort
[1.902s] -- Up-to-date symlink: /media/psf/Home/Desktop/business-1/test-repo/ros2-control-demo/gz_ros2_control/ign_ros2_control_demos/install/ign_ros2_control_demos/lib/ign_ros2_control_demos/example_diff_drive
[1.903s] -- Up-to-date symlink: /media/psf/Home/Desktop/business-1/test-repo/ros2-control-demo/gz_ros2_control/ign_ros2_control_demos/install/ign_ros2_control_demos/lib/ign_ros2_control_demos/example_tricycle_drive
[1.903s] -- Up-to-date symlink: /media/psf/Home/Desktop/business-1/test-repo/ros2-control-demo/gz_ros2_control/ign_ros2_control_demos/install/ign_ros2_control_demos/lib/ign_ros2_control_demos/example_ackermann_drive
[1.904s] -- Up-to-date symlink: /media/psf/Home/Desktop/business-1/test-repo/ros2-control-demo/gz_ros2_control/ign_ros2_control_demos/install/ign_ros2_control_demos/lib/ign_ros2_control_demos/example_gripper
[1.905s] -- Up-to-date symlink: /media/psf/Home/Desktop/business-1/test-repo/ros2-control-demo/gz_ros2_control/ign_ros2_control_demos/install/ign_ros2_control_demos/share/ament_index/resource_index/package_run_dependencies/ign_ros2_control_demos
[1.905s] -- Up-to-date symlink: /media/psf/Home/Desktop/business-1/test-repo/ros2-control-demo/gz_ros2_control/ign_ros2_control_demos/install/ign_ros2_control_demos/share/ament_index/resource_index/parent_prefix_path/ign_ros2_control_demos
[1.905s] -- Up-to-date symlink: /media/psf/Home/Desktop/business-1/test-repo/ros2-control-demo/gz_ros2_control/ign_ros2_control_demos/install/ign_ros2_control_demos/share/ign_ros2_control_demos/environment/ament_prefix_path.sh
[1.906s] -- Up-to-date symlink: /media/psf/Home/Desktop/business-1/test-repo/ros2-control-demo/gz_ros2_control/ign_ros2_control_demos/install/ign_ros2_control_demos/share/ign_ros2_control_demos/environment/ament_prefix_path.dsv
[1.906s] -- Up-to-date symlink: /media/psf/Home/Desktop/business-1/test-repo/ros2-control-demo/gz_ros2_control/ign_ros2_control_demos/install/ign_ros2_control_demos/share/ign_ros2_control_demos/environment/path.sh
[1.907s] -- Up-to-date symlink: /media/psf/Home/Desktop/business-1/test-repo/ros2-control-demo/gz_ros2_control/ign_ros2_control_demos/install/ign_ros2_control_demos/share/ign_ros2_control_demos/environment/path.dsv
[1.907s] -- Up-to-date symlink: /media/psf/Home/Desktop/business-1/test-repo/ros2-control-demo/gz_ros2_control/ign_ros2_control_demos/install/ign_ros2_control_demos/share/ign_ros2_control_demos/local_setup.bash
[1.908s] -- Up-to-date symlink: /media/psf/Home/Desktop/business-1/test-repo/ros2-control-demo/gz_ros2_control/ign_ros2_control_demos/install/ign_ros2_control_demos/share/ign_ros2_control_demos/local_setup.sh
[1.908s] -- Up-to-date symlink: /media/psf/Home/Desktop/business-1/test-repo/ros2-control-demo/gz_ros2_control/ign_ros2_control_demos/install/ign_ros2_control_demos/share/ign_ros2_control_demos/local_setup.zsh
[1.910s] -- Up-to-date symlink: /media/psf/Home/Desktop/business-1/test-repo/ros2-control-demo/gz_ros2_control/ign_ros2_control_demos/install/ign_ros2_control_demos/share/ign_ros2_control_demos/local_setup.dsv
[1.911s] -- Symlinking: /media/psf/Home/Desktop/business-1/test-repo/ros2-control-demo/gz_ros2_control/ign_ros2_control_demos/install/ign_ros2_control_demos/share/ign_ros2_control_demos/package.dsv
[1.927s] -- Up-to-date symlink: /media/psf/Home/Desktop/business-1/test-repo/ros2-control-demo/gz_ros2_control/ign_ros2_control_demos/install/ign_ros2_control_demos/share/ament_index/resource_index/packages/ign_ros2_control_demos
[1.927s] -- Up-to-date symlink: /media/psf/Home/Desktop/business-1/test-repo/ros2-control-demo/gz_ros2_control/ign_ros2_control_demos/install/ign_ros2_control_demos/share/ign_ros2_control_demos/cmake/ign_ros2_control_demosConfig.cmake
[1.928s] -- Up-to-date symlink: /media/psf/Home/Desktop/business-1/test-repo/ros2-control-demo/gz_ros2_control/ign_ros2_control_demos/install/ign_ros2_control_demos/share/ign_ros2_control_demos/cmake/ign_ros2_control_demosConfig-version.cmake
[1.929s] -- Up-to-date symlink: /media/psf/Home/Desktop/business-1/test-repo/ros2-control-demo/gz_ros2_control/ign_ros2_control_demos/install/ign_ros2_control_demos/share/ign_ros2_control_demos/package.xml
[1.935s] Invoked command in '/media/psf/Home/Desktop/business-1/test-repo/ros2-control-demo/gz_ros2_control/ign_ros2_control_demos/build/ign_ros2_control_demos' returned '0': CMAKE_PREFIX_PATH=${CMAKE_PREFIX_PATH}:/opt/ros/humble /usr/bin/cmake --install /media/psf/Home/Desktop/business-1/test-repo/ros2-control-demo/gz_ros2_control/ign_ros2_control_demos/build/ign_ros2_control_demos
