[0.020s] Invoking command in '/media/psf/Home/Desktop/business-1/test-repo/ros2-control-demo/gz_ros2_control/ign_ros2_control_demos/build/ign_ros2_control_demos': CMAKE_PREFIX_PATH=${CMAKE_PREFIX_PATH}:/opt/ros/humble /usr/bin/cmake --build /media/psf/Home/Desktop/business-1/test-repo/ros2-control-demo/gz_ros2_control/ign_ros2_control_demos/build/ign_ros2_control_demos -- -j4 -l4
[0.094s] [ 12%] Built target example_position
[0.107s] [ 25%] Built target example_arm
[0.135s] [ 37%] Built target example_diff_drive
[0.152s] [ 50%] Built target example_effort
[0.174s] [ 62%] Built target example_tricycle_drive
[0.192s] [ 75%] Built target example_ackermann_drive
[0.201s] [ 87%] Built target example_gripper
[0.217s] [100%] Built target example_velocity
[0.223s] Invoked command in '/media/psf/Home/Desktop/business-1/test-repo/ros2-control-demo/gz_ros2_control/ign_ros2_control_demos/build/ign_ros2_control_demos' returned '0': CMAKE_PREFIX_PATH=${CMAKE_PREFIX_PATH}:/opt/ros/humble /usr/bin/cmake --build /media/psf/Home/Desktop/business-1/test-repo/ros2-control-demo/gz_ros2_control/ign_ros2_control_demos/build/ign_ros2_control_demos -- -j4 -l4
[0.281s] Invoking command in '/media/psf/Home/Desktop/business-1/test-repo/ros2-control-demo/gz_ros2_control/ign_ros2_control_demos/build/ign_ros2_control_demos': CMAKE_PREFIX_PATH=${CMAKE_PREFIX_PATH}:/opt/ros/humble /usr/bin/cmake --install /media/psf/Home/Desktop/business-1/test-repo/ros2-control-demo/gz_ros2_control/ign_ros2_control_demos/build/ign_ros2_control_demos
[0.287s] -- Install configuration: ""
[0.295s] -- Execute custom install script
[0.302s] -- Up-to-date symlink: /media/psf/Home/Desktop/business-1/test-repo/ros2-control-demo/gz_ros2_control/ign_ros2_control_demos/install/ign_ros2_control_demos/share/ign_ros2_control_demos//launch/ackermann_drive_example.launch.py
[0.302s] -- Up-to-date symlink: /media/psf/Home/Desktop/business-1/test-repo/ros2-control-demo/gz_ros2_control/ign_ros2_control_demos/install/ign_ros2_control_demos/share/ign_ros2_control_demos//launch/arm.launch.py
[0.303s] -- Up-to-date symlink: /media/psf/Home/Desktop/business-1/test-repo/ros2-control-demo/gz_ros2_control/ign_ros2_control_demos/install/ign_ros2_control_demos/share/ign_ros2_control_demos//launch/arm2.launch.py
[0.303s] -- Up-to-date symlink: /media/psf/Home/Desktop/business-1/test-repo/ros2-control-demo/gz_ros2_control/ign_ros2_control_demos/install/ign_ros2_control_demos/share/ign_ros2_control_demos//launch/arm3.py
[0.304s] -- Up-to-date symlink: /media/psf/Home/Desktop/business-1/test-repo/ros2-control-demo/gz_ros2_control/ign_ros2_control_demos/install/ign_ros2_control_demos/share/ign_ros2_control_demos//launch/cart_example_effort.launch.py
[0.304s] -- Up-to-date symlink: /media/psf/Home/Desktop/business-1/test-repo/ros2-control-demo/gz_ros2_control/ign_ros2_control_demos/install/ign_ros2_control_demos/share/ign_ros2_control_demos//launch/cart_example_position.launch.py
[0.304s] -- Up-to-date symlink: /media/psf/Home/Desktop/business-1/test-repo/ros2-control-demo/gz_ros2_control/ign_ros2_control_demos/install/ign_ros2_control_demos/share/ign_ros2_control_demos//launch/cart_example_velocity.launch.py
[0.305s] -- Up-to-date symlink: /media/psf/Home/Desktop/business-1/test-repo/ros2-control-demo/gz_ros2_control/ign_ros2_control_demos/install/ign_ros2_control_demos/share/ign_ros2_control_demos//launch/diff_drive_example.launch.py
[0.305s] -- Up-to-date symlink: /media/psf/Home/Desktop/business-1/test-repo/ros2-control-demo/gz_ros2_control/ign_ros2_control_demos/install/ign_ros2_control_demos/share/ign_ros2_control_demos//launch/gripper_mimic_joint_example.launch.py
[0.305s] -- Up-to-date symlink: /media/psf/Home/Desktop/business-1/test-repo/ros2-control-demo/gz_ros2_control/ign_ros2_control_demos/install/ign_ros2_control_demos/share/ign_ros2_control_demos//launch/pendulum_example_effort.launch.py
[0.305s] -- Up-to-date symlink: /media/psf/Home/Desktop/business-1/test-repo/ros2-control-demo/gz_ros2_control/ign_ros2_control_demos/install/ign_ros2_control_demos/share/ign_ros2_control_demos//launch/pendulum_example_position.launch.py
[0.306s] -- Up-to-date symlink: /media/psf/Home/Desktop/business-1/test-repo/ros2-control-demo/gz_ros2_control/ign_ros2_control_demos/install/ign_ros2_control_demos/share/ign_ros2_control_demos//launch/tricycle_drive_example.launch.py
[0.307s] -- Up-to-date symlink: /media/psf/Home/Desktop/business-1/test-repo/ros2-control-demo/gz_ros2_control/ign_ros2_control_demos/install/ign_ros2_control_demos/share/ign_ros2_control_demos//config/ackermann_drive_controller.yaml
[0.310s] -- Up-to-date symlink: /media/psf/Home/Desktop/business-1/test-repo/ros2-control-demo/gz_ros2_control/ign_ros2_control_demos/install/ign_ros2_control_demos/share/ign_ros2_control_demos//config/arm.yaml
[0.310s] -- Up-to-date symlink: /media/psf/Home/Desktop/business-1/test-repo/ros2-control-demo/gz_ros2_control/ign_ros2_control_demos/install/ign_ros2_control_demos/share/ign_ros2_control_demos//config/cart_controller_effort.yaml
[0.310s] -- Up-to-date symlink: /media/psf/Home/Desktop/business-1/test-repo/ros2-control-demo/gz_ros2_control/ign_ros2_control_demos/install/ign_ros2_control_demos/share/ign_ros2_control_demos//config/cart_controller_position.yaml
[0.310s] -- Up-to-date symlink: /media/psf/Home/Desktop/business-1/test-repo/ros2-control-demo/gz_ros2_control/ign_ros2_control_demos/install/ign_ros2_control_demos/share/ign_ros2_control_demos//config/cart_controller_velocity.yaml
[0.311s] -- Up-to-date symlink: /media/psf/Home/Desktop/business-1/test-repo/ros2-control-demo/gz_ros2_control/ign_ros2_control_demos/install/ign_ros2_control_demos/share/ign_ros2_control_demos//config/diff_drive_controller_velocity.yaml
[0.311s] -- Up-to-date symlink: /media/psf/Home/Desktop/business-1/test-repo/ros2-control-demo/gz_ros2_control/ign_ros2_control_demos/install/ign_ros2_control_demos/share/ign_ros2_control_demos//config/gripper_controller.yaml
[0.312s] -- Up-to-date symlink: /media/psf/Home/Desktop/business-1/test-repo/ros2-control-demo/gz_ros2_control/ign_ros2_control_demos/install/ign_ros2_control_demos/share/ign_ros2_control_demos//config/tricycle_drive_controller.yaml
[0.312s] -- Up-to-date symlink: /media/psf/Home/Desktop/business-1/test-repo/ros2-control-demo/gz_ros2_control/ign_ros2_control_demos/install/ign_ros2_control_demos/share/ign_ros2_control_demos//urdf/arm.urdf.xacro
[0.313s] -- Up-to-date symlink: /media/psf/Home/Desktop/business-1/test-repo/ros2-control-demo/gz_ros2_control/ign_ros2_control_demos/install/ign_ros2_control_demos/share/ign_ros2_control_demos//urdf/test_ackermann_drive.xacro.urdf
[0.313s] -- Up-to-date symlink: /media/psf/Home/Desktop/business-1/test-repo/ros2-control-demo/gz_ros2_control/ign_ros2_control_demos/install/ign_ros2_control_demos/share/ign_ros2_control_demos//urdf/test_cart_effort.xacro.urdf
[0.313s] -- Up-to-date symlink: /media/psf/Home/Desktop/business-1/test-repo/ros2-control-demo/gz_ros2_control/ign_ros2_control_demos/install/ign_ros2_control_demos/share/ign_ros2_control_demos//urdf/test_cart_position.xacro.urdf
[0.313s] -- Up-to-date symlink: /media/psf/Home/Desktop/business-1/test-repo/ros2-control-demo/gz_ros2_control/ign_ros2_control_demos/install/ign_ros2_control_demos/share/ign_ros2_control_demos//urdf/test_cart_velocity.xacro.urdf
[0.313s] -- Up-to-date symlink: /media/psf/Home/Desktop/business-1/test-repo/ros2-control-demo/gz_ros2_control/ign_ros2_control_demos/install/ign_ros2_control_demos/share/ign_ros2_control_demos//urdf/test_diff_drive.xacro.urdf
[0.313s] -- Up-to-date symlink: /media/psf/Home/Desktop/business-1/test-repo/ros2-control-demo/gz_ros2_control/ign_ros2_control_demos/install/ign_ros2_control_demos/share/ign_ros2_control_demos//urdf/test_gripper_mimic_joint.xacro.urdf
[0.313s] -- Up-to-date symlink: /media/psf/Home/Desktop/business-1/test-repo/ros2-control-demo/gz_ros2_control/ign_ros2_control_demos/install/ign_ros2_control_demos/share/ign_ros2_control_demos//urdf/test_pendulum_effort.xacro.urdf
[0.314s] -- Up-to-date symlink: /media/psf/Home/Desktop/business-1/test-repo/ros2-control-demo/gz_ros2_control/ign_ros2_control_demos/install/ign_ros2_control_demos/share/ign_ros2_control_demos//urdf/test_pendulum_position.xacro.urdf
[0.314s] -- Up-to-date symlink: /media/psf/Home/Desktop/business-1/test-repo/ros2-control-demo/gz_ros2_control/ign_ros2_control_demos/install/ign_ros2_control_demos/share/ign_ros2_control_demos//urdf/test_tricycle_drive.xacro.urdf
[0.314s] -- Up-to-date symlink: /media/psf/Home/Desktop/business-1/test-repo/ros2-control-demo/gz_ros2_control/ign_ros2_control_demos/install/ign_ros2_control_demos/share/ign_ros2_control_demos//meshes/mycobot_280/base_link.dae
[0.314s] -- Up-to-date symlink: /media/psf/Home/Desktop/business-1/test-repo/ros2-control-demo/gz_ros2_control/ign_ros2_control_demos/install/ign_ros2_control_demos/share/ign_ros2_control_demos//meshes/mycobot_280/base_scaled_up1.dae
[0.315s] -- Up-to-date symlink: /media/psf/Home/Desktop/business-1/test-repo/ros2-control-demo/gz_ros2_control/ign_ros2_control_demos/install/ign_ros2_control_demos/share/ign_ros2_control_demos//meshes/mycobot_280/gripper_base.dae
[0.315s] -- Up-to-date symlink: /media/psf/Home/Desktop/business-1/test-repo/ros2-control-demo/gz_ros2_control/ign_ros2_control_demos/install/ign_ros2_control_demos/share/ign_ros2_control_demos//meshes/mycobot_280/gripper_left1.dae
[0.315s] -- Up-to-date symlink: /media/psf/Home/Desktop/business-1/test-repo/ros2-control-demo/gz_ros2_control/ign_ros2_control_demos/install/ign_ros2_control_demos/share/ign_ros2_control_demos//meshes/mycobot_280/gripper_left2.dae
[0.316s] -- Up-to-date symlink: /media/psf/Home/Desktop/business-1/test-repo/ros2-control-demo/gz_ros2_control/ign_ros2_control_demos/install/ign_ros2_control_demos/share/ign_ros2_control_demos//meshes/mycobot_280/gripper_left3.dae
[0.316s] -- Up-to-date symlink: /media/psf/Home/Desktop/business-1/test-repo/ros2-control-demo/gz_ros2_control/ign_ros2_control_demos/install/ign_ros2_control_demos/share/ign_ros2_control_demos//meshes/mycobot_280/gripper_right1.dae
[0.316s] -- Up-to-date symlink: /media/psf/Home/Desktop/business-1/test-repo/ros2-control-demo/gz_ros2_control/ign_ros2_control_demos/install/ign_ros2_control_demos/share/ign_ros2_control_demos//meshes/mycobot_280/gripper_right2.dae
[0.316s] -- Up-to-date symlink: /media/psf/Home/Desktop/business-1/test-repo/ros2-control-demo/gz_ros2_control/ign_ros2_control_demos/install/ign_ros2_control_demos/share/ign_ros2_control_demos//meshes/mycobot_280/gripper_right3.dae
[0.317s] -- Up-to-date symlink: /media/psf/Home/Desktop/business-1/test-repo/ros2-control-demo/gz_ros2_control/ign_ros2_control_demos/install/ign_ros2_control_demos/share/ign_ros2_control_demos//meshes/mycobot_280/link1.dae
[0.317s] -- Up-to-date symlink: /media/psf/Home/Desktop/business-1/test-repo/ros2-control-demo/gz_ros2_control/ign_ros2_control_demos/install/ign_ros2_control_demos/share/ign_ros2_control_demos//meshes/mycobot_280/link1.png
[0.318s] -- Up-to-date symlink: /media/psf/Home/Desktop/business-1/test-repo/ros2-control-demo/gz_ros2_control/ign_ros2_control_demos/install/ign_ros2_control_demos/share/ign_ros2_control_demos//meshes/mycobot_280/link2.dae
[0.318s] -- Up-to-date symlink: /media/psf/Home/Desktop/business-1/test-repo/ros2-control-demo/gz_ros2_control/ign_ros2_control_demos/install/ign_ros2_control_demos/share/ign_ros2_control_demos//meshes/mycobot_280/link2.png
[0.318s] -- Up-to-date symlink: /media/psf/Home/Desktop/business-1/test-repo/ros2-control-demo/gz_ros2_control/ign_ros2_control_demos/install/ign_ros2_control_demos/share/ign_ros2_control_demos//meshes/mycobot_280/link3.dae
[0.319s] -- Up-to-date symlink: /media/psf/Home/Desktop/business-1/test-repo/ros2-control-demo/gz_ros2_control/ign_ros2_control_demos/install/ign_ros2_control_demos/share/ign_ros2_control_demos//meshes/mycobot_280/link3.png
[0.319s] -- Up-to-date symlink: /media/psf/Home/Desktop/business-1/test-repo/ros2-control-demo/gz_ros2_control/ign_ros2_control_demos/install/ign_ros2_control_demos/share/ign_ros2_control_demos//meshes/mycobot_280/link4.dae
[0.319s] -- Up-to-date symlink: /media/psf/Home/Desktop/business-1/test-repo/ros2-control-demo/gz_ros2_control/ign_ros2_control_demos/install/ign_ros2_control_demos/share/ign_ros2_control_demos//meshes/mycobot_280/link4.png
[0.319s] -- Up-to-date symlink: /media/psf/Home/Desktop/business-1/test-repo/ros2-control-demo/gz_ros2_control/ign_ros2_control_demos/install/ign_ros2_control_demos/share/ign_ros2_control_demos//meshes/mycobot_280/link5.dae
[0.320s] -- Up-to-date symlink: /media/psf/Home/Desktop/business-1/test-repo/ros2-control-demo/gz_ros2_control/ign_ros2_control_demos/install/ign_ros2_control_demos/share/ign_ros2_control_demos//meshes/mycobot_280/link5.png
[0.320s] -- Up-to-date symlink: /media/psf/Home/Desktop/business-1/test-repo/ros2-control-demo/gz_ros2_control/ign_ros2_control_demos/install/ign_ros2_control_demos/share/ign_ros2_control_demos//meshes/mycobot_280/link6.dae
[0.320s] -- Up-to-date symlink: /media/psf/Home/Desktop/business-1/test-repo/ros2-control-demo/gz_ros2_control/ign_ros2_control_demos/install/ign_ros2_control_demos/share/ign_ros2_control_demos//meshes/mycobot_280/link6.png
[0.321s] -- Up-to-date symlink: /media/psf/Home/Desktop/business-1/test-repo/ros2-control-demo/gz_ros2_control/ign_ros2_control_demos/install/ign_ros2_control_demos/share/ign_ros2_control_demos//meshes/mycobot_280/link7.dae
[0.321s] -- Up-to-date symlink: /media/psf/Home/Desktop/business-1/test-repo/ros2-control-demo/gz_ros2_control/ign_ros2_control_demos/install/ign_ros2_control_demos/share/ign_ros2_control_demos//meshes/mycobot_280/link7.png
[0.321s] -- Up-to-date symlink: /media/psf/Home/Desktop/business-1/test-repo/ros2-control-demo/gz_ros2_control/ign_ros2_control_demos/install/ign_ros2_control_demos/share/ign_ros2_control_demos//meshes/mycobot_280/suit_env.dae
[0.322s] -- Up-to-date symlink: /media/psf/Home/Desktop/business-1/test-repo/ros2-control-demo/gz_ros2_control/ign_ros2_control_demos/install/ign_ros2_control_demos/share/ign_ros2_control_demos//rviz/urdf_config.rviz
[0.323s] -- Up-to-date symlink: /media/psf/Home/Desktop/business-1/test-repo/ros2-control-demo/gz_ros2_control/ign_ros2_control_demos/install/ign_ros2_control_demos/lib/ign_ros2_control_demos/example_gripper.py
[0.334s] -- Up-to-date symlink: /media/psf/Home/Desktop/business-1/test-repo/ros2-control-demo/gz_ros2_control/ign_ros2_control_demos/install/ign_ros2_control_demos/lib/ign_ros2_control_demos/example_position
[0.334s] -- Up-to-date symlink: /media/psf/Home/Desktop/business-1/test-repo/ros2-control-demo/gz_ros2_control/ign_ros2_control_demos/install/ign_ros2_control_demos/lib/ign_ros2_control_demos/example_arm
[0.335s] -- Up-to-date symlink: /media/psf/Home/Desktop/business-1/test-repo/ros2-control-demo/gz_ros2_control/ign_ros2_control_demos/install/ign_ros2_control_demos/lib/ign_ros2_control_demos/example_velocity
[0.335s] -- Up-to-date symlink: /media/psf/Home/Desktop/business-1/test-repo/ros2-control-demo/gz_ros2_control/ign_ros2_control_demos/install/ign_ros2_control_demos/lib/ign_ros2_control_demos/example_effort
[0.335s] -- Up-to-date symlink: /media/psf/Home/Desktop/business-1/test-repo/ros2-control-demo/gz_ros2_control/ign_ros2_control_demos/install/ign_ros2_control_demos/lib/ign_ros2_control_demos/example_diff_drive
[0.336s] -- Up-to-date symlink: /media/psf/Home/Desktop/business-1/test-repo/ros2-control-demo/gz_ros2_control/ign_ros2_control_demos/install/ign_ros2_control_demos/lib/ign_ros2_control_demos/example_tricycle_drive
[0.336s] -- Up-to-date symlink: /media/psf/Home/Desktop/business-1/test-repo/ros2-control-demo/gz_ros2_control/ign_ros2_control_demos/install/ign_ros2_control_demos/lib/ign_ros2_control_demos/example_ackermann_drive
[0.336s] -- Up-to-date symlink: /media/psf/Home/Desktop/business-1/test-repo/ros2-control-demo/gz_ros2_control/ign_ros2_control_demos/install/ign_ros2_control_demos/lib/ign_ros2_control_demos/example_gripper
[0.337s] -- Up-to-date symlink: /media/psf/Home/Desktop/business-1/test-repo/ros2-control-demo/gz_ros2_control/ign_ros2_control_demos/install/ign_ros2_control_demos/share/ament_index/resource_index/package_run_dependencies/ign_ros2_control_demos
[0.337s] -- Up-to-date symlink: /media/psf/Home/Desktop/business-1/test-repo/ros2-control-demo/gz_ros2_control/ign_ros2_control_demos/install/ign_ros2_control_demos/share/ament_index/resource_index/parent_prefix_path/ign_ros2_control_demos
[0.337s] -- Up-to-date symlink: /media/psf/Home/Desktop/business-1/test-repo/ros2-control-demo/gz_ros2_control/ign_ros2_control_demos/install/ign_ros2_control_demos/share/ign_ros2_control_demos/environment/ament_prefix_path.sh
[0.338s] -- Up-to-date symlink: /media/psf/Home/Desktop/business-1/test-repo/ros2-control-demo/gz_ros2_control/ign_ros2_control_demos/install/ign_ros2_control_demos/share/ign_ros2_control_demos/environment/ament_prefix_path.dsv
[0.338s] -- Up-to-date symlink: /media/psf/Home/Desktop/business-1/test-repo/ros2-control-demo/gz_ros2_control/ign_ros2_control_demos/install/ign_ros2_control_demos/share/ign_ros2_control_demos/environment/path.sh
[0.338s] -- Up-to-date symlink: /media/psf/Home/Desktop/business-1/test-repo/ros2-control-demo/gz_ros2_control/ign_ros2_control_demos/install/ign_ros2_control_demos/share/ign_ros2_control_demos/environment/path.dsv
[0.339s] -- Up-to-date symlink: /media/psf/Home/Desktop/business-1/test-repo/ros2-control-demo/gz_ros2_control/ign_ros2_control_demos/install/ign_ros2_control_demos/share/ign_ros2_control_demos/local_setup.bash
[0.339s] -- Up-to-date symlink: /media/psf/Home/Desktop/business-1/test-repo/ros2-control-demo/gz_ros2_control/ign_ros2_control_demos/install/ign_ros2_control_demos/share/ign_ros2_control_demos/local_setup.sh
[0.340s] -- Up-to-date symlink: /media/psf/Home/Desktop/business-1/test-repo/ros2-control-demo/gz_ros2_control/ign_ros2_control_demos/install/ign_ros2_control_demos/share/ign_ros2_control_demos/local_setup.zsh
[0.340s] -- Up-to-date symlink: /media/psf/Home/Desktop/business-1/test-repo/ros2-control-demo/gz_ros2_control/ign_ros2_control_demos/install/ign_ros2_control_demos/share/ign_ros2_control_demos/local_setup.dsv
[0.340s] -- Symlinking: /media/psf/Home/Desktop/business-1/test-repo/ros2-control-demo/gz_ros2_control/ign_ros2_control_demos/install/ign_ros2_control_demos/share/ign_ros2_control_demos/package.dsv
[0.356s] -- Up-to-date symlink: /media/psf/Home/Desktop/business-1/test-repo/ros2-control-demo/gz_ros2_control/ign_ros2_control_demos/install/ign_ros2_control_demos/share/ament_index/resource_index/packages/ign_ros2_control_demos
[0.357s] -- Up-to-date symlink: /media/psf/Home/Desktop/business-1/test-repo/ros2-control-demo/gz_ros2_control/ign_ros2_control_demos/install/ign_ros2_control_demos/share/ign_ros2_control_demos/cmake/ign_ros2_control_demosConfig.cmake
[0.357s] -- Up-to-date symlink: /media/psf/Home/Desktop/business-1/test-repo/ros2-control-demo/gz_ros2_control/ign_ros2_control_demos/install/ign_ros2_control_demos/share/ign_ros2_control_demos/cmake/ign_ros2_control_demosConfig-version.cmake
[0.357s] -- Up-to-date symlink: /media/psf/Home/Desktop/business-1/test-repo/ros2-control-demo/gz_ros2_control/ign_ros2_control_demos/install/ign_ros2_control_demos/share/ign_ros2_control_demos/package.xml
[0.359s] Invoked command in '/media/psf/Home/Desktop/business-1/test-repo/ros2-control-demo/gz_ros2_control/ign_ros2_control_demos/build/ign_ros2_control_demos' returned '0': CMAKE_PREFIX_PATH=${CMAKE_PREFIX_PATH}:/opt/ros/humble /usr/bin/cmake --install /media/psf/Home/Desktop/business-1/test-repo/ros2-control-demo/gz_ros2_control/ign_ros2_control_demos/build/ign_ros2_control_demos
