[0.030s] Invoking command in '/media/psf/Home/Desktop/business-1/test-repo/ros2-control-demo/gz_ros2_control/ign_ros2_control_demos/build/ign_ros2_control_demos': CMAKE_PREFIX_PATH=${CMAKE_PREFIX_PATH}:/opt/ros/humble /usr/bin/cmake --build /media/psf/Home/Desktop/business-1/test-repo/ros2-control-demo/gz_ros2_control/ign_ros2_control_demos/build/ign_ros2_control_demos -- -j4 -l4
[0.098s] [ 12%] Built target example_position
[0.166s] [ 25%] Built target example_effort
[0.202s] [ 37%] Built target example_diff_drive
[0.300s] [ 50%] Built target example_tricycle_drive
[0.334s] [ 62%] Built target example_ackermann_drive
[0.353s] [ 75%] Built target example_gripper
[0.390s] [ 87%] Built target example_velocity
[0.415s] [35m[1mConsolidate compiler generated dependencies of target example_arm[0m
[0.538s] [ 93%] [32mBuilding CXX object CMakeFiles/example_arm.dir/examples/example_arm.cpp.o[0m
[2.199s] In file included from [01m[K/opt/ros/humble/include/rclcpp/rclcpp/logging.hpp:24[m[K,
[2.199s]                  from [01m[K/opt/ros/humble/include/rclcpp/rclcpp/client.hpp:40[m[K,
[2.199s]                  from [01m[K/opt/ros/humble/include/rclcpp/rclcpp/callback_group.hpp:24[m[K,
[2.199s]                  from [01m[K/opt/ros/humble/include/rclcpp/rclcpp/any_executable.hpp:20[m[K,
[2.199s]                  from [01m[K/opt/ros/humble/include/rclcpp/rclcpp/memory_strategy.hpp:25[m[K,
[2.199s]                  from [01m[K/opt/ros/humble/include/rclcpp/rclcpp/memory_strategies.hpp:18[m[K,
[2.199s]                  from [01m[K/opt/ros/humble/include/rclcpp/rclcpp/executor_options.hpp:20[m[K,
[2.199s]                  from [01m[K/opt/ros/humble/include/rclcpp/rclcpp/executor.hpp:37[m[K,
[2.199s]                  from [01m[K/opt/ros/humble/include/rclcpp/rclcpp/executors/multi_threaded_executor.hpp:25[m[K,
[2.200s]                  from [01m[K/opt/ros/humble/include/rclcpp/rclcpp/executors.hpp:21[m[K,
[2.200s]                  from [01m[K/opt/ros/humble/include/rclcpp/rclcpp/rclcpp.hpp:155[m[K,
[2.200s]                  from [01m[K/media/psf/Home/Desktop/business-1/test-repo/ros2-control-demo/gz_ros2_control/ign_ros2_control_demos/examples/example_arm.cpp:19[m[K:
[2.200s] [01m[K/media/psf/Home/Desktop/business-1/test-repo/ros2-control-demo/gz_ros2_control/ign_ros2_control_demos/examples/example_arm.cpp:[m[K In function ‘[01m[Kvoid common_goal_response(rclcpp_action::ClientGoalHandle<control_msgs::action::FollowJointTrajectory>::SharedPtr)[m[K’:
[2.204s] [01m[K/media/psf/Home/Desktop/business-1/test-repo/ros2-control-demo/gz_ros2_control/ign_ros2_control_demos/examples/example_arm.cpp:43:79:[m[K [01;31m[Kerror: [m[K‘[01m[Kconst GoalUUID[m[K’ {aka ‘[01m[Kconst struct std::array<unsigned char, 16>[m[K’} has no member named ‘[01m[Kto_string[m[K’
[2.204s]    43 | (), "Goal ID: %s", goal_handle->get_goal_id().[01;31m[Kto_string[m[K().c_str());
[2.204s]       |                                               [01;31m[K^~~~~~~~~[m[K
[2.204s] 
[2.784s] gmake[2]: *** [CMakeFiles/example_arm.dir/build.make:76: CMakeFiles/example_arm.dir/examples/example_arm.cpp.o] Error 1
[2.784s] gmake[1]: *** [CMakeFiles/Makefile2:177: CMakeFiles/example_arm.dir/all] Error 2
[2.784s] gmake: *** [Makefile:146: all] Error 2
[2.786s] Invoked command in '/media/psf/Home/Desktop/business-1/test-repo/ros2-control-demo/gz_ros2_control/ign_ros2_control_demos/build/ign_ros2_control_demos' returned '2': CMAKE_PREFIX_PATH=${CMAKE_PREFIX_PATH}:/opt/ros/humble /usr/bin/cmake --build /media/psf/Home/Desktop/business-1/test-repo/ros2-control-demo/gz_ros2_control/ign_ros2_control_demos/build/ign_ros2_control_demos -- -j4 -l4
