[0.048s] DEBUG:colcon:Command line arguments: ['/usr/bin/colcon', 'build', '--symlink-install']
[0.049s] DEBUG:colcon:Parsed command line arguments: Namespace(log_base=None, log_level=None, verb_name='build', build_base='build', install_base='install', merge_install=False, symlink_install=True, test_result_base=None, continue_on_error=False, executor='parallel', parallel_workers=4, event_handlers=None, ignore_user_meta=False, metas=['./colcon.meta'], base_paths=['.'], packages_ignore=None, packages_ignore_regex=None, paths=None, packages_up_to=None, packages_up_to_regex=None, packages_above=None, packages_above_and_dependencies=None, packages_above_depth=None, packages_select_by_dep=None, packages_skip_by_dep=None, packages_skip_up_to=None, packages_select_build_failed=False, packages_skip_build_finished=False, packages_select_test_failures=False, packages_skip_test_passed=False, packages_select=None, packages_skip=None, packages_select_regex=None, packages_skip_regex=None, packages_start=None, packages_end=None, allow_overriding=[], cmake_args=None, cmake_target=None, cmake_target_skip_unavailable=False, cmake_clean_cache=False, cmake_clean_first=False, cmake_force_configure=False, ament_cmake_args=None, catkin_cmake_args=None, catkin_skip_building_tests=False, mixin_files=None, mixin=None, verb_parser=<colcon_mixin.mixin.mixin_argument.MixinArgumentDecorator object at 0xffffb6172e30>, verb_extension=<colcon_core.verb.build.BuildVerb object at 0xffffb6172980>, main=<bound method BuildVerb.main of <colcon_core.verb.build.BuildVerb object at 0xffffb6172980>>, mixin_verb=('build',))
[0.116s] Level 1:colcon.colcon_core.package_discovery:discover_packages(colcon_meta) check parameters
[0.116s] Level 1:colcon.colcon_core.package_discovery:discover_packages(recursive) check parameters
[0.116s] Level 1:colcon.colcon_core.package_discovery:discover_packages(ignore) check parameters
[0.116s] Level 1:colcon.colcon_core.package_discovery:discover_packages(path) check parameters
[0.116s] Level 1:colcon.colcon_core.package_discovery:discover_packages(colcon_meta) discover
[0.116s] Level 1:colcon.colcon_core.package_discovery:discover_packages(recursive) discover
[0.116s] INFO:colcon.colcon_core.package_discovery:Crawling recursively for packages in '/media/psf/Home/Desktop/business-1/test-repo/ros2-control-demo/gz_ros2_control'
[0.117s] Level 1:colcon.colcon_core.package_identification:_identify(.) by extensions ['ignore', 'ignore_ament_install']
[0.117s] Level 1:colcon.colcon_core.package_identification:_identify(.) by extension 'ignore'
[0.117s] Level 1:colcon.colcon_core.package_identification:_identify(.) by extension 'ignore_ament_install'
[0.117s] Level 1:colcon.colcon_core.package_identification:_identify(.) by extensions ['colcon_pkg']
[0.117s] Level 1:colcon.colcon_core.package_identification:_identify(.) by extension 'colcon_pkg'
[0.117s] Level 1:colcon.colcon_core.package_identification:_identify(.) by extensions ['colcon_meta']
[0.117s] Level 1:colcon.colcon_core.package_identification:_identify(.) by extension 'colcon_meta'
[0.117s] Level 1:colcon.colcon_core.package_identification:_identify(.) by extensions ['ros']
[0.117s] Level 1:colcon.colcon_core.package_identification:_identify(.) by extension 'ros'
[0.123s] Level 1:colcon.colcon_core.package_identification:_identify(.) by extensions ['cmake', 'python']
[0.123s] Level 1:colcon.colcon_core.package_identification:_identify(.) by extension 'cmake'
[0.123s] Level 1:colcon.colcon_core.package_identification:_identify(.) by extension 'python'
[0.123s] Level 1:colcon.colcon_core.package_identification:_identify(.) by extensions ['python_setup_py']
[0.123s] Level 1:colcon.colcon_core.package_identification:_identify(.) by extension 'python_setup_py'
[0.124s] Level 1:colcon.colcon_core.package_identification:_identify(Dockerfile) by extensions ['ignore', 'ignore_ament_install']
[0.124s] Level 1:colcon.colcon_core.package_identification:_identify(Dockerfile) by extension 'ignore'
[0.124s] Level 1:colcon.colcon_core.package_identification:_identify(Dockerfile) by extension 'ignore_ament_install'
[0.124s] Level 1:colcon.colcon_core.package_identification:_identify(Dockerfile) by extensions ['colcon_pkg']
[0.124s] Level 1:colcon.colcon_core.package_identification:_identify(Dockerfile) by extension 'colcon_pkg'
[0.124s] Level 1:colcon.colcon_core.package_identification:_identify(Dockerfile) by extensions ['colcon_meta']
[0.124s] Level 1:colcon.colcon_core.package_identification:_identify(Dockerfile) by extension 'colcon_meta'
[0.124s] Level 1:colcon.colcon_core.package_identification:_identify(Dockerfile) by extensions ['ros']
[0.125s] Level 1:colcon.colcon_core.package_identification:_identify(Dockerfile) by extension 'ros'
[0.125s] Level 1:colcon.colcon_core.package_identification:_identify(Dockerfile) by extensions ['cmake', 'python']
[0.125s] Level 1:colcon.colcon_core.package_identification:_identify(Dockerfile) by extension 'cmake'
[0.125s] Level 1:colcon.colcon_core.package_identification:_identify(Dockerfile) by extension 'python'
[0.125s] Level 1:colcon.colcon_core.package_identification:_identify(Dockerfile) by extensions ['python_setup_py']
[0.125s] Level 1:colcon.colcon_core.package_identification:_identify(Dockerfile) by extension 'python_setup_py'
[0.126s] Level 1:colcon.colcon_core.package_identification:_identify(build) by extensions ['ignore', 'ignore_ament_install']
[0.126s] Level 1:colcon.colcon_core.package_identification:_identify(build) by extension 'ignore'
[0.126s] Level 1:colcon.colcon_core.package_identification:_identify(build) ignored
[0.126s] Level 1:colcon.colcon_core.package_identification:_identify(doc) by extensions ['ignore', 'ignore_ament_install']
[0.126s] Level 1:colcon.colcon_core.package_identification:_identify(doc) by extension 'ignore'
[0.126s] Level 1:colcon.colcon_core.package_identification:_identify(doc) by extension 'ignore_ament_install'
[0.127s] Level 1:colcon.colcon_core.package_identification:_identify(doc) by extensions ['colcon_pkg']
[0.127s] Level 1:colcon.colcon_core.package_identification:_identify(doc) by extension 'colcon_pkg'
[0.127s] Level 1:colcon.colcon_core.package_identification:_identify(doc) by extensions ['colcon_meta']
[0.127s] Level 1:colcon.colcon_core.package_identification:_identify(doc) by extension 'colcon_meta'
[0.127s] Level 1:colcon.colcon_core.package_identification:_identify(doc) by extensions ['ros']
[0.127s] Level 1:colcon.colcon_core.package_identification:_identify(doc) by extension 'ros'
[0.127s] Level 1:colcon.colcon_core.package_identification:_identify(doc) by extensions ['cmake', 'python']
[0.127s] Level 1:colcon.colcon_core.package_identification:_identify(doc) by extension 'cmake'
[0.127s] Level 1:colcon.colcon_core.package_identification:_identify(doc) by extension 'python'
[0.128s] Level 1:colcon.colcon_core.package_identification:_identify(doc) by extensions ['python_setup_py']
[0.128s] Level 1:colcon.colcon_core.package_identification:_identify(doc) by extension 'python_setup_py'
[0.128s] Level 1:colcon.colcon_core.package_identification:_identify(doc/img) by extensions ['ignore', 'ignore_ament_install']
[0.128s] Level 1:colcon.colcon_core.package_identification:_identify(doc/img) by extension 'ignore'
[0.128s] Level 1:colcon.colcon_core.package_identification:_identify(doc/img) by extension 'ignore_ament_install'
[0.129s] Level 1:colcon.colcon_core.package_identification:_identify(doc/img) by extensions ['colcon_pkg']
[0.129s] Level 1:colcon.colcon_core.package_identification:_identify(doc/img) by extension 'colcon_pkg'
[0.129s] Level 1:colcon.colcon_core.package_identification:_identify(doc/img) by extensions ['colcon_meta']
[0.129s] Level 1:colcon.colcon_core.package_identification:_identify(doc/img) by extension 'colcon_meta'
[0.129s] Level 1:colcon.colcon_core.package_identification:_identify(doc/img) by extensions ['ros']
[0.129s] Level 1:colcon.colcon_core.package_identification:_identify(doc/img) by extension 'ros'
[0.129s] Level 1:colcon.colcon_core.package_identification:_identify(doc/img) by extensions ['cmake', 'python']
[0.129s] Level 1:colcon.colcon_core.package_identification:_identify(doc/img) by extension 'cmake'
[0.129s] Level 1:colcon.colcon_core.package_identification:_identify(doc/img) by extension 'python'
[0.130s] Level 1:colcon.colcon_core.package_identification:_identify(doc/img) by extensions ['python_setup_py']
[0.130s] Level 1:colcon.colcon_core.package_identification:_identify(doc/img) by extension 'python_setup_py'
[0.130s] Level 1:colcon.colcon_core.package_identification:_identify(gz_ros2_control_demos) by extensions ['ignore', 'ignore_ament_install']
[0.130s] Level 1:colcon.colcon_core.package_identification:_identify(gz_ros2_control_demos) by extension 'ignore'
[0.130s] Level 1:colcon.colcon_core.package_identification:_identify(gz_ros2_control_demos) by extension 'ignore_ament_install'
[0.130s] Level 1:colcon.colcon_core.package_identification:_identify(gz_ros2_control_demos) by extensions ['colcon_pkg']
[0.130s] Level 1:colcon.colcon_core.package_identification:_identify(gz_ros2_control_demos) by extension 'colcon_pkg'
[0.131s] Level 1:colcon.colcon_core.package_identification:_identify(gz_ros2_control_demos) by extensions ['colcon_meta']
[0.131s] Level 1:colcon.colcon_core.package_identification:_identify(gz_ros2_control_demos) by extension 'colcon_meta'
[0.131s] Level 1:colcon.colcon_core.package_identification:_identify(gz_ros2_control_demos) by extensions ['ros']
[0.131s] Level 1:colcon.colcon_core.package_identification:_identify(gz_ros2_control_demos) by extension 'ros'
[0.131s] Level 1:colcon.colcon_core.package_identification:_identify(gz_ros2_control_demos) by extensions ['cmake', 'python']
[0.131s] Level 1:colcon.colcon_core.package_identification:_identify(gz_ros2_control_demos) by extension 'cmake'
[0.131s] Level 1:colcon.colcon_core.package_identification:_identify(gz_ros2_control_demos) by extension 'python'
[0.131s] Level 1:colcon.colcon_core.package_identification:_identify(gz_ros2_control_demos) by extensions ['python_setup_py']
[0.131s] Level 1:colcon.colcon_core.package_identification:_identify(gz_ros2_control_demos) by extension 'python_setup_py'
[0.132s] Level 1:colcon.colcon_core.package_identification:_identify(gz_ros2_control_tests) by extensions ['ignore', 'ignore_ament_install']
[0.132s] Level 1:colcon.colcon_core.package_identification:_identify(gz_ros2_control_tests) by extension 'ignore'
[0.132s] Level 1:colcon.colcon_core.package_identification:_identify(gz_ros2_control_tests) by extension 'ignore_ament_install'
[0.132s] Level 1:colcon.colcon_core.package_identification:_identify(gz_ros2_control_tests) by extensions ['colcon_pkg']
[0.132s] Level 1:colcon.colcon_core.package_identification:_identify(gz_ros2_control_tests) by extension 'colcon_pkg'
[0.132s] Level 1:colcon.colcon_core.package_identification:_identify(gz_ros2_control_tests) by extensions ['colcon_meta']
[0.132s] Level 1:colcon.colcon_core.package_identification:_identify(gz_ros2_control_tests) by extension 'colcon_meta'
[0.132s] Level 1:colcon.colcon_core.package_identification:_identify(gz_ros2_control_tests) by extensions ['ros']
[0.132s] Level 1:colcon.colcon_core.package_identification:_identify(gz_ros2_control_tests) by extension 'ros'
[0.135s] DEBUG:colcon.colcon_core.package_identification:Package 'gz_ros2_control_tests' with type 'ros.ament_cmake' and name 'gz_ros2_control_tests'
[0.135s] Level 1:colcon.colcon_core.package_identification:_identify(ign_ros2_control) by extensions ['ignore', 'ignore_ament_install']
[0.136s] Level 1:colcon.colcon_core.package_identification:_identify(ign_ros2_control) by extension 'ignore'
[0.136s] Level 1:colcon.colcon_core.package_identification:_identify(ign_ros2_control) by extension 'ignore_ament_install'
[0.136s] Level 1:colcon.colcon_core.package_identification:_identify(ign_ros2_control) by extensions ['colcon_pkg']
[0.136s] Level 1:colcon.colcon_core.package_identification:_identify(ign_ros2_control) by extension 'colcon_pkg'
[0.136s] Level 1:colcon.colcon_core.package_identification:_identify(ign_ros2_control) by extensions ['colcon_meta']
[0.136s] Level 1:colcon.colcon_core.package_identification:_identify(ign_ros2_control) by extension 'colcon_meta'
[0.136s] Level 1:colcon.colcon_core.package_identification:_identify(ign_ros2_control) by extensions ['ros']
[0.136s] Level 1:colcon.colcon_core.package_identification:_identify(ign_ros2_control) by extension 'ros'
[0.139s] DEBUG:colcon.colcon_core.package_identification:Package 'ign_ros2_control' with type 'ros.ament_cmake' and name 'ign_ros2_control'
[0.139s] Level 1:colcon.colcon_core.package_identification:_identify(ign_ros2_control_demos) by extensions ['ignore', 'ignore_ament_install']
[0.139s] Level 1:colcon.colcon_core.package_identification:_identify(ign_ros2_control_demos) by extension 'ignore'
[0.139s] Level 1:colcon.colcon_core.package_identification:_identify(ign_ros2_control_demos) by extension 'ignore_ament_install'
[0.139s] Level 1:colcon.colcon_core.package_identification:_identify(ign_ros2_control_demos) by extensions ['colcon_pkg']
[0.140s] Level 1:colcon.colcon_core.package_identification:_identify(ign_ros2_control_demos) by extension 'colcon_pkg'
[0.140s] Level 1:colcon.colcon_core.package_identification:_identify(ign_ros2_control_demos) by extensions ['colcon_meta']
[0.140s] Level 1:colcon.colcon_core.package_identification:_identify(ign_ros2_control_demos) by extension 'colcon_meta'
[0.140s] Level 1:colcon.colcon_core.package_identification:_identify(ign_ros2_control_demos) by extensions ['ros']
[0.140s] Level 1:colcon.colcon_core.package_identification:_identify(ign_ros2_control_demos) by extension 'ros'
[0.141s] DEBUG:colcon.colcon_core.package_identification:Package 'ign_ros2_control_demos' with type 'ros.ament_cmake' and name 'ign_ros2_control_demos'
[0.141s] Level 1:colcon.colcon_core.package_identification:_identify(install) by extensions ['ignore', 'ignore_ament_install']
[0.141s] Level 1:colcon.colcon_core.package_identification:_identify(install) by extension 'ignore'
[0.141s] Level 1:colcon.colcon_core.package_identification:_identify(install) ignored
[0.142s] Level 1:colcon.colcon_core.package_identification:_identify(log) by extensions ['ignore', 'ignore_ament_install']
[0.142s] Level 1:colcon.colcon_core.package_identification:_identify(log) by extension 'ignore'
[0.142s] Level 1:colcon.colcon_core.package_identification:_identify(log) ignored
[0.142s] Level 1:colcon.colcon_core.package_discovery:discover_packages(recursive) using defaults
[0.142s] Level 1:colcon.colcon_core.package_discovery:discover_packages(ignore) discover
[0.142s] Level 1:colcon.colcon_core.package_discovery:discover_packages(ignore) using defaults
[0.142s] Level 1:colcon.colcon_core.package_discovery:discover_packages(path) discover
[0.142s] Level 1:colcon.colcon_core.package_discovery:discover_packages(path) using defaults
[0.156s] Level 1:colcon.colcon_core.package_discovery:discover_packages(prefix_path) check parameters
[0.156s] Level 1:colcon.colcon_core.package_discovery:discover_packages(prefix_path) discover
[0.161s] DEBUG:colcon.colcon_installed_package_information.package_discovery:Found 3 installed packages in /media/psf/Home/Desktop/business-1/test-repo/ros2-control-demo/gz_ros2_control/install
[0.163s] DEBUG:colcon.colcon_installed_package_information.package_discovery:Found 1 installed packages in /media/psf/Home/Desktop/business-1/test-repo/ros2-control-demo/gz_ros2_control/ign_ros2_control_demos/install
[0.164s] DEBUG:colcon.colcon_installed_package_information.package_discovery:Found 367 installed packages in /opt/ros/humble
[0.165s] Level 1:colcon.colcon_core.package_discovery:discover_packages(prefix_path) using defaults
[0.188s] Level 5:colcon.colcon_core.verb:set package 'ign_ros2_control' build argument 'cmake_args' from command line to 'None'
[0.189s] Level 5:colcon.colcon_core.verb:set package 'ign_ros2_control' build argument 'cmake_target' from command line to 'None'
[0.189s] Level 5:colcon.colcon_core.verb:set package 'ign_ros2_control' build argument 'cmake_target_skip_unavailable' from command line to 'False'
[0.189s] Level 5:colcon.colcon_core.verb:set package 'ign_ros2_control' build argument 'cmake_clean_cache' from command line to 'False'
[0.189s] Level 5:colcon.colcon_core.verb:set package 'ign_ros2_control' build argument 'cmake_clean_first' from command line to 'False'
[0.189s] Level 5:colcon.colcon_core.verb:set package 'ign_ros2_control' build argument 'cmake_force_configure' from command line to 'False'
[0.189s] Level 5:colcon.colcon_core.verb:set package 'ign_ros2_control' build argument 'ament_cmake_args' from command line to 'None'
[0.189s] Level 5:colcon.colcon_core.verb:set package 'ign_ros2_control' build argument 'catkin_cmake_args' from command line to 'None'
[0.189s] Level 5:colcon.colcon_core.verb:set package 'ign_ros2_control' build argument 'catkin_skip_building_tests' from command line to 'False'
[0.189s] DEBUG:colcon.colcon_core.verb:Building package 'ign_ros2_control' with the following arguments: {'ament_cmake_args': None, 'build_base': '/media/psf/Home/Desktop/business-1/test-repo/ros2-control-demo/gz_ros2_control/build/ign_ros2_control', 'catkin_cmake_args': None, 'catkin_skip_building_tests': False, 'cmake_args': None, 'cmake_clean_cache': False, 'cmake_clean_first': False, 'cmake_force_configure': False, 'cmake_target': None, 'cmake_target_skip_unavailable': False, 'install_base': '/media/psf/Home/Desktop/business-1/test-repo/ros2-control-demo/gz_ros2_control/install/ign_ros2_control', 'merge_install': False, 'path': '/media/psf/Home/Desktop/business-1/test-repo/ros2-control-demo/gz_ros2_control/ign_ros2_control', 'symlink_install': True, 'test_result_base': None}
[0.189s] Level 5:colcon.colcon_core.verb:set package 'gz_ros2_control_tests' build argument 'cmake_args' from command line to 'None'
[0.189s] Level 5:colcon.colcon_core.verb:set package 'gz_ros2_control_tests' build argument 'cmake_target' from command line to 'None'
[0.189s] Level 5:colcon.colcon_core.verb:set package 'gz_ros2_control_tests' build argument 'cmake_target_skip_unavailable' from command line to 'False'
[0.189s] Level 5:colcon.colcon_core.verb:set package 'gz_ros2_control_tests' build argument 'cmake_clean_cache' from command line to 'False'
[0.190s] Level 5:colcon.colcon_core.verb:set package 'gz_ros2_control_tests' build argument 'cmake_clean_first' from command line to 'False'
[0.190s] Level 5:colcon.colcon_core.verb:set package 'gz_ros2_control_tests' build argument 'cmake_force_configure' from command line to 'False'
[0.190s] Level 5:colcon.colcon_core.verb:set package 'gz_ros2_control_tests' build argument 'ament_cmake_args' from command line to 'None'
[0.190s] Level 5:colcon.colcon_core.verb:set package 'gz_ros2_control_tests' build argument 'catkin_cmake_args' from command line to 'None'
[0.190s] Level 5:colcon.colcon_core.verb:set package 'gz_ros2_control_tests' build argument 'catkin_skip_building_tests' from command line to 'False'
[0.190s] DEBUG:colcon.colcon_core.verb:Building package 'gz_ros2_control_tests' with the following arguments: {'ament_cmake_args': None, 'build_base': '/media/psf/Home/Desktop/business-1/test-repo/ros2-control-demo/gz_ros2_control/build/gz_ros2_control_tests', 'catkin_cmake_args': None, 'catkin_skip_building_tests': False, 'cmake_args': None, 'cmake_clean_cache': False, 'cmake_clean_first': False, 'cmake_force_configure': False, 'cmake_target': None, 'cmake_target_skip_unavailable': False, 'install_base': '/media/psf/Home/Desktop/business-1/test-repo/ros2-control-demo/gz_ros2_control/install/gz_ros2_control_tests', 'merge_install': False, 'path': '/media/psf/Home/Desktop/business-1/test-repo/ros2-control-demo/gz_ros2_control/gz_ros2_control_tests', 'symlink_install': True, 'test_result_base': None}
[0.190s] Level 5:colcon.colcon_core.verb:set package 'ign_ros2_control_demos' build argument 'cmake_args' from command line to 'None'
[0.190s] Level 5:colcon.colcon_core.verb:set package 'ign_ros2_control_demos' build argument 'cmake_target' from command line to 'None'
[0.190s] Level 5:colcon.colcon_core.verb:set package 'ign_ros2_control_demos' build argument 'cmake_target_skip_unavailable' from command line to 'False'
[0.190s] Level 5:colcon.colcon_core.verb:set package 'ign_ros2_control_demos' build argument 'cmake_clean_cache' from command line to 'False'
[0.190s] Level 5:colcon.colcon_core.verb:set package 'ign_ros2_control_demos' build argument 'cmake_clean_first' from command line to 'False'
[0.190s] Level 5:colcon.colcon_core.verb:set package 'ign_ros2_control_demos' build argument 'cmake_force_configure' from command line to 'False'
[0.190s] Level 5:colcon.colcon_core.verb:set package 'ign_ros2_control_demos' build argument 'ament_cmake_args' from command line to 'None'
[0.190s] Level 5:colcon.colcon_core.verb:set package 'ign_ros2_control_demos' build argument 'catkin_cmake_args' from command line to 'None'
[0.190s] Level 5:colcon.colcon_core.verb:set package 'ign_ros2_control_demos' build argument 'catkin_skip_building_tests' from command line to 'False'
[0.191s] DEBUG:colcon.colcon_core.verb:Building package 'ign_ros2_control_demos' with the following arguments: {'ament_cmake_args': None, 'build_base': '/media/psf/Home/Desktop/business-1/test-repo/ros2-control-demo/gz_ros2_control/build/ign_ros2_control_demos', 'catkin_cmake_args': None, 'catkin_skip_building_tests': False, 'cmake_args': None, 'cmake_clean_cache': False, 'cmake_clean_first': False, 'cmake_force_configure': False, 'cmake_target': None, 'cmake_target_skip_unavailable': False, 'install_base': '/media/psf/Home/Desktop/business-1/test-repo/ros2-control-demo/gz_ros2_control/install/ign_ros2_control_demos', 'merge_install': False, 'path': '/media/psf/Home/Desktop/business-1/test-repo/ros2-control-demo/gz_ros2_control/ign_ros2_control_demos', 'symlink_install': True, 'test_result_base': None}
[0.191s] INFO:colcon.colcon_core.executor:Executing jobs using 'parallel' executor
[0.191s] DEBUG:colcon.colcon_parallel_executor.executor.parallel:run_until_complete
[0.191s] INFO:colcon.colcon_ros.task.ament_cmake.build:Building ROS package in '/media/psf/Home/Desktop/business-1/test-repo/ros2-control-demo/gz_ros2_control/ign_ros2_control' with build type 'ament_cmake'
[0.191s] INFO:colcon.colcon_cmake.task.cmake.build:Building CMake package in '/media/psf/Home/Desktop/business-1/test-repo/ros2-control-demo/gz_ros2_control/ign_ros2_control'
[0.193s] INFO:colcon.colcon_core.plugin_system:Skipping extension 'colcon_core.shell.bat': Not used on non-Windows systems
[0.193s] INFO:colcon.colcon_core.shell:Skip shell extension 'powershell' for command environment: Not usable outside of PowerShell
[0.193s] DEBUG:colcon.colcon_core.shell:Skip shell extension 'dsv' for command environment
[0.212s] DEBUG:colcon.colcon_core.event_handler.log_command:Invoking command in '/media/psf/Home/Desktop/business-1/test-repo/ros2-control-demo/gz_ros2_control/build/ign_ros2_control': CMAKE_PREFIX_PATH=${CMAKE_PREFIX_PATH}:/opt/ros/humble /usr/bin/cmake --build /media/psf/Home/Desktop/business-1/test-repo/ros2-control-demo/gz_ros2_control/build/ign_ros2_control -- -j4 -l4
[0.279s] DEBUG:colcon.colcon_core.event_handler.log_command:Invoked command in '/media/psf/Home/Desktop/business-1/test-repo/ros2-control-demo/gz_ros2_control/build/ign_ros2_control' returned '0': CMAKE_PREFIX_PATH=${CMAKE_PREFIX_PATH}:/opt/ros/humble /usr/bin/cmake --build /media/psf/Home/Desktop/business-1/test-repo/ros2-control-demo/gz_ros2_control/build/ign_ros2_control -- -j4 -l4
[0.322s] DEBUG:colcon.colcon_core.event_handler.log_command:Invoking command in '/media/psf/Home/Desktop/business-1/test-repo/ros2-control-demo/gz_ros2_control/build/ign_ros2_control': CMAKE_PREFIX_PATH=${CMAKE_PREFIX_PATH}:/opt/ros/humble /usr/bin/cmake --install /media/psf/Home/Desktop/business-1/test-repo/ros2-control-demo/gz_ros2_control/build/ign_ros2_control
[0.346s] Level 1:colcon.colcon_core.environment:create_environment_scripts_only(ign_ros2_control)
[0.347s] DEBUG:colcon.colcon_core.event_handler.log_command:Invoked command in '/media/psf/Home/Desktop/business-1/test-repo/ros2-control-demo/gz_ros2_control/build/ign_ros2_control' returned '0': CMAKE_PREFIX_PATH=${CMAKE_PREFIX_PATH}:/opt/ros/humble /usr/bin/cmake --install /media/psf/Home/Desktop/business-1/test-repo/ros2-control-demo/gz_ros2_control/build/ign_ros2_control
[0.347s] Level 1:colcon.colcon_core.environment:checking '/media/psf/Home/Desktop/business-1/test-repo/ros2-control-demo/gz_ros2_control/install/ign_ros2_control' for CMake module files
[0.350s] Level 1:colcon.colcon_core.environment:checking '/media/psf/Home/Desktop/business-1/test-repo/ros2-control-demo/gz_ros2_control/install/ign_ros2_control' for CMake config files
[0.351s] Level 1:colcon.colcon_core.shell:create_environment_hook('ign_ros2_control', 'cmake_prefix_path')
[0.351s] INFO:colcon.colcon_core.shell:Creating environment hook '/media/psf/Home/Desktop/business-1/test-repo/ros2-control-demo/gz_ros2_control/install/ign_ros2_control/share/ign_ros2_control/hook/cmake_prefix_path.ps1'
[0.352s] INFO:colcon.colcon_core.shell:Creating environment descriptor '/media/psf/Home/Desktop/business-1/test-repo/ros2-control-demo/gz_ros2_control/install/ign_ros2_control/share/ign_ros2_control/hook/cmake_prefix_path.dsv'
[0.352s] INFO:colcon.colcon_core.shell:Creating environment hook '/media/psf/Home/Desktop/business-1/test-repo/ros2-control-demo/gz_ros2_control/install/ign_ros2_control/share/ign_ros2_control/hook/cmake_prefix_path.sh'
[0.353s] Level 1:colcon.colcon_core.environment:checking '/media/psf/Home/Desktop/business-1/test-repo/ros2-control-demo/gz_ros2_control/install/ign_ros2_control/lib'
[0.354s] Level 1:colcon.colcon_core.shell:create_environment_hook('ign_ros2_control', 'ld_library_path_lib')
[0.354s] INFO:colcon.colcon_core.shell:Creating environment hook '/media/psf/Home/Desktop/business-1/test-repo/ros2-control-demo/gz_ros2_control/install/ign_ros2_control/share/ign_ros2_control/hook/ld_library_path_lib.ps1'
[0.354s] INFO:colcon.colcon_core.shell:Creating environment descriptor '/media/psf/Home/Desktop/business-1/test-repo/ros2-control-demo/gz_ros2_control/install/ign_ros2_control/share/ign_ros2_control/hook/ld_library_path_lib.dsv'
[0.355s] INFO:colcon.colcon_core.shell:Creating environment hook '/media/psf/Home/Desktop/business-1/test-repo/ros2-control-demo/gz_ros2_control/install/ign_ros2_control/share/ign_ros2_control/hook/ld_library_path_lib.sh'
[0.355s] Level 1:colcon.colcon_core.environment:checking '/media/psf/Home/Desktop/business-1/test-repo/ros2-control-demo/gz_ros2_control/install/ign_ros2_control/bin'
[0.355s] Level 1:colcon.colcon_core.environment:checking '/media/psf/Home/Desktop/business-1/test-repo/ros2-control-demo/gz_ros2_control/install/ign_ros2_control/lib/pkgconfig/ign_ros2_control.pc'
[0.355s] Level 1:colcon.colcon_core.environment:checking '/media/psf/Home/Desktop/business-1/test-repo/ros2-control-demo/gz_ros2_control/install/ign_ros2_control/lib/python3.10/site-packages'
[0.355s] Level 1:colcon.colcon_core.environment:checking '/media/psf/Home/Desktop/business-1/test-repo/ros2-control-demo/gz_ros2_control/install/ign_ros2_control/bin'
[0.356s] INFO:colcon.colcon_core.shell:Creating package script '/media/psf/Home/Desktop/business-1/test-repo/ros2-control-demo/gz_ros2_control/install/ign_ros2_control/share/ign_ros2_control/package.ps1'
[0.356s] INFO:colcon.colcon_core.shell:Creating package descriptor '/media/psf/Home/Desktop/business-1/test-repo/ros2-control-demo/gz_ros2_control/install/ign_ros2_control/share/ign_ros2_control/package.dsv'
[0.357s] INFO:colcon.colcon_core.shell:Creating package script '/media/psf/Home/Desktop/business-1/test-repo/ros2-control-demo/gz_ros2_control/install/ign_ros2_control/share/ign_ros2_control/package.sh'
[0.357s] INFO:colcon.colcon_core.shell:Creating package script '/media/psf/Home/Desktop/business-1/test-repo/ros2-control-demo/gz_ros2_control/install/ign_ros2_control/share/ign_ros2_control/package.bash'
[0.358s] INFO:colcon.colcon_core.shell:Creating package script '/media/psf/Home/Desktop/business-1/test-repo/ros2-control-demo/gz_ros2_control/install/ign_ros2_control/share/ign_ros2_control/package.zsh'
[0.358s] Level 1:colcon.colcon_core.environment:create_file_with_runtime_dependencies(/media/psf/Home/Desktop/business-1/test-repo/ros2-control-demo/gz_ros2_control/install/ign_ros2_control/share/colcon-core/packages/ign_ros2_control)
[0.387s] Level 1:colcon.colcon_core.environment:create_environment_scripts_only(ign_ros2_control)
[0.388s] Level 1:colcon.colcon_core.environment:checking '/media/psf/Home/Desktop/business-1/test-repo/ros2-control-demo/gz_ros2_control/install/ign_ros2_control' for CMake module files
[0.390s] Level 1:colcon.colcon_core.environment:checking '/media/psf/Home/Desktop/business-1/test-repo/ros2-control-demo/gz_ros2_control/install/ign_ros2_control' for CMake config files
[0.393s] Level 1:colcon.colcon_core.shell:create_environment_hook('ign_ros2_control', 'cmake_prefix_path')
[0.393s] INFO:colcon.colcon_core.shell:Creating environment hook '/media/psf/Home/Desktop/business-1/test-repo/ros2-control-demo/gz_ros2_control/install/ign_ros2_control/share/ign_ros2_control/hook/cmake_prefix_path.ps1'
[0.394s] INFO:colcon.colcon_core.shell:Creating environment descriptor '/media/psf/Home/Desktop/business-1/test-repo/ros2-control-demo/gz_ros2_control/install/ign_ros2_control/share/ign_ros2_control/hook/cmake_prefix_path.dsv'
[0.395s] INFO:colcon.colcon_core.shell:Creating environment hook '/media/psf/Home/Desktop/business-1/test-repo/ros2-control-demo/gz_ros2_control/install/ign_ros2_control/share/ign_ros2_control/hook/cmake_prefix_path.sh'
[0.395s] Level 1:colcon.colcon_core.environment:checking '/media/psf/Home/Desktop/business-1/test-repo/ros2-control-demo/gz_ros2_control/install/ign_ros2_control/lib'
[0.396s] Level 1:colcon.colcon_core.shell:create_environment_hook('ign_ros2_control', 'ld_library_path_lib')
[0.396s] INFO:colcon.colcon_core.shell:Creating environment hook '/media/psf/Home/Desktop/business-1/test-repo/ros2-control-demo/gz_ros2_control/install/ign_ros2_control/share/ign_ros2_control/hook/ld_library_path_lib.ps1'
[0.396s] INFO:colcon.colcon_core.shell:Creating environment descriptor '/media/psf/Home/Desktop/business-1/test-repo/ros2-control-demo/gz_ros2_control/install/ign_ros2_control/share/ign_ros2_control/hook/ld_library_path_lib.dsv'
[0.397s] INFO:colcon.colcon_core.shell:Creating environment hook '/media/psf/Home/Desktop/business-1/test-repo/ros2-control-demo/gz_ros2_control/install/ign_ros2_control/share/ign_ros2_control/hook/ld_library_path_lib.sh'
[0.397s] Level 1:colcon.colcon_core.environment:checking '/media/psf/Home/Desktop/business-1/test-repo/ros2-control-demo/gz_ros2_control/install/ign_ros2_control/bin'
[0.397s] Level 1:colcon.colcon_core.environment:checking '/media/psf/Home/Desktop/business-1/test-repo/ros2-control-demo/gz_ros2_control/install/ign_ros2_control/lib/pkgconfig/ign_ros2_control.pc'
[0.397s] Level 1:colcon.colcon_core.environment:checking '/media/psf/Home/Desktop/business-1/test-repo/ros2-control-demo/gz_ros2_control/install/ign_ros2_control/lib/python3.10/site-packages'
[0.398s] Level 1:colcon.colcon_core.environment:checking '/media/psf/Home/Desktop/business-1/test-repo/ros2-control-demo/gz_ros2_control/install/ign_ros2_control/bin'
[0.398s] INFO:colcon.colcon_core.shell:Creating package script '/media/psf/Home/Desktop/business-1/test-repo/ros2-control-demo/gz_ros2_control/install/ign_ros2_control/share/ign_ros2_control/package.ps1'
[0.400s] INFO:colcon.colcon_core.shell:Creating package descriptor '/media/psf/Home/Desktop/business-1/test-repo/ros2-control-demo/gz_ros2_control/install/ign_ros2_control/share/ign_ros2_control/package.dsv'
[0.400s] INFO:colcon.colcon_core.shell:Creating package script '/media/psf/Home/Desktop/business-1/test-repo/ros2-control-demo/gz_ros2_control/install/ign_ros2_control/share/ign_ros2_control/package.sh'
[0.401s] INFO:colcon.colcon_core.shell:Creating package script '/media/psf/Home/Desktop/business-1/test-repo/ros2-control-demo/gz_ros2_control/install/ign_ros2_control/share/ign_ros2_control/package.bash'
[0.401s] INFO:colcon.colcon_core.shell:Creating package script '/media/psf/Home/Desktop/business-1/test-repo/ros2-control-demo/gz_ros2_control/install/ign_ros2_control/share/ign_ros2_control/package.zsh'
[0.403s] Level 1:colcon.colcon_core.environment:create_file_with_runtime_dependencies(/media/psf/Home/Desktop/business-1/test-repo/ros2-control-demo/gz_ros2_control/install/ign_ros2_control/share/colcon-core/packages/ign_ros2_control)
[0.404s] INFO:colcon.colcon_ros.task.ament_cmake.build:Building ROS package in '/media/psf/Home/Desktop/business-1/test-repo/ros2-control-demo/gz_ros2_control/gz_ros2_control_tests' with build type 'ament_cmake'
[0.404s] INFO:colcon.colcon_cmake.task.cmake.build:Building CMake package in '/media/psf/Home/Desktop/business-1/test-repo/ros2-control-demo/gz_ros2_control/gz_ros2_control_tests'
[0.404s] INFO:colcon.colcon_core.shell:Skip shell extension 'powershell' for command environment: Not usable outside of PowerShell
[0.404s] DEBUG:colcon.colcon_core.shell:Skip shell extension 'dsv' for command environment
[0.412s] INFO:colcon.colcon_ros.task.ament_cmake.build:Building ROS package in '/media/psf/Home/Desktop/business-1/test-repo/ros2-control-demo/gz_ros2_control/ign_ros2_control_demos' with build type 'ament_cmake'
[0.412s] INFO:colcon.colcon_cmake.task.cmake.build:Building CMake package in '/media/psf/Home/Desktop/business-1/test-repo/ros2-control-demo/gz_ros2_control/ign_ros2_control_demos'
[0.412s] INFO:colcon.colcon_core.shell:Skip shell extension 'powershell' for command environment: Not usable outside of PowerShell
[0.412s] DEBUG:colcon.colcon_core.shell:Skip shell extension 'dsv' for command environment
[0.423s] DEBUG:colcon.colcon_core.event_handler.log_command:Invoking command in '/media/psf/Home/Desktop/business-1/test-repo/ros2-control-demo/gz_ros2_control/build/gz_ros2_control_tests': CMAKE_PREFIX_PATH=/media/psf/Home/Desktop/business-1/test-repo/ros2-control-demo/gz_ros2_control/install/ign_ros2_control:/media/psf/Home/Desktop/business-1/test-repo/ros2-control-demo/gz_ros2_control/install/ign_ros2_control_demos:/media/psf/Home/Desktop/business-1/test-repo/ros2-control-demo/gz_ros2_control/install/gz_ros2_control_tests:/media/psf/Home/Desktop/business-1/test-repo/ros2-control-demo/gz_ros2_control/ign_ros2_control_demos/install/ign_ros2_control_demos:/opt/ros/humble /usr/bin/cmake --build /media/psf/Home/Desktop/business-1/test-repo/ros2-control-demo/gz_ros2_control/build/gz_ros2_control_tests -- -j4 -l4
[0.428s] DEBUG:colcon.colcon_core.event_handler.log_command:Invoking command in '/media/psf/Home/Desktop/business-1/test-repo/ros2-control-demo/gz_ros2_control/build/ign_ros2_control_demos': CMAKE_PREFIX_PATH=/media/psf/Home/Desktop/business-1/test-repo/ros2-control-demo/gz_ros2_control/install/ign_ros2_control:/media/psf/Home/Desktop/business-1/test-repo/ros2-control-demo/gz_ros2_control/install/ign_ros2_control_demos:/media/psf/Home/Desktop/business-1/test-repo/ros2-control-demo/gz_ros2_control/install/gz_ros2_control_tests:/media/psf/Home/Desktop/business-1/test-repo/ros2-control-demo/gz_ros2_control/ign_ros2_control_demos/install/ign_ros2_control_demos:/opt/ros/humble /usr/bin/cmake --build /media/psf/Home/Desktop/business-1/test-repo/ros2-control-demo/gz_ros2_control/build/ign_ros2_control_demos -- -j4 -l4
[0.504s] DEBUG:colcon.colcon_core.event_handler.log_command:Invoked command in '/media/psf/Home/Desktop/business-1/test-repo/ros2-control-demo/gz_ros2_control/build/gz_ros2_control_tests' returned '0': CMAKE_PREFIX_PATH=/media/psf/Home/Desktop/business-1/test-repo/ros2-control-demo/gz_ros2_control/install/ign_ros2_control:/media/psf/Home/Desktop/business-1/test-repo/ros2-control-demo/gz_ros2_control/install/ign_ros2_control_demos:/media/psf/Home/Desktop/business-1/test-repo/ros2-control-demo/gz_ros2_control/install/gz_ros2_control_tests:/media/psf/Home/Desktop/business-1/test-repo/ros2-control-demo/gz_ros2_control/ign_ros2_control_demos/install/ign_ros2_control_demos:/opt/ros/humble /usr/bin/cmake --build /media/psf/Home/Desktop/business-1/test-repo/ros2-control-demo/gz_ros2_control/build/gz_ros2_control_tests -- -j4 -l4
[0.547s] DEBUG:colcon.colcon_core.event_handler.log_command:Invoking command in '/media/psf/Home/Desktop/business-1/test-repo/ros2-control-demo/gz_ros2_control/build/gz_ros2_control_tests': CMAKE_PREFIX_PATH=/media/psf/Home/Desktop/business-1/test-repo/ros2-control-demo/gz_ros2_control/install/ign_ros2_control:/media/psf/Home/Desktop/business-1/test-repo/ros2-control-demo/gz_ros2_control/install/ign_ros2_control_demos:/media/psf/Home/Desktop/business-1/test-repo/ros2-control-demo/gz_ros2_control/install/gz_ros2_control_tests:/media/psf/Home/Desktop/business-1/test-repo/ros2-control-demo/gz_ros2_control/ign_ros2_control_demos/install/ign_ros2_control_demos:/opt/ros/humble /usr/bin/cmake --install /media/psf/Home/Desktop/business-1/test-repo/ros2-control-demo/gz_ros2_control/build/gz_ros2_control_tests
[0.554s] DEBUG:colcon.colcon_core.event_handler.log_command:Invoked command in '/media/psf/Home/Desktop/business-1/test-repo/ros2-control-demo/gz_ros2_control/build/ign_ros2_control_demos' returned '0': CMAKE_PREFIX_PATH=/media/psf/Home/Desktop/business-1/test-repo/ros2-control-demo/gz_ros2_control/install/ign_ros2_control:/media/psf/Home/Desktop/business-1/test-repo/ros2-control-demo/gz_ros2_control/install/ign_ros2_control_demos:/media/psf/Home/Desktop/business-1/test-repo/ros2-control-demo/gz_ros2_control/install/gz_ros2_control_tests:/media/psf/Home/Desktop/business-1/test-repo/ros2-control-demo/gz_ros2_control/ign_ros2_control_demos/install/ign_ros2_control_demos:/opt/ros/humble /usr/bin/cmake --build /media/psf/Home/Desktop/business-1/test-repo/ros2-control-demo/gz_ros2_control/build/ign_ros2_control_demos -- -j4 -l4
[0.567s] Level 1:colcon.colcon_core.environment:create_environment_scripts_only(gz_ros2_control_tests)
[0.567s] Level 1:colcon.colcon_core.environment:checking '/media/psf/Home/Desktop/business-1/test-repo/ros2-control-demo/gz_ros2_control/install/gz_ros2_control_tests' for CMake module files
[0.568s] DEBUG:colcon.colcon_core.event_handler.log_command:Invoked command in '/media/psf/Home/Desktop/business-1/test-repo/ros2-control-demo/gz_ros2_control/build/gz_ros2_control_tests' returned '0': CMAKE_PREFIX_PATH=/media/psf/Home/Desktop/business-1/test-repo/ros2-control-demo/gz_ros2_control/install/ign_ros2_control:/media/psf/Home/Desktop/business-1/test-repo/ros2-control-demo/gz_ros2_control/install/ign_ros2_control_demos:/media/psf/Home/Desktop/business-1/test-repo/ros2-control-demo/gz_ros2_control/install/gz_ros2_control_tests:/media/psf/Home/Desktop/business-1/test-repo/ros2-control-demo/gz_ros2_control/ign_ros2_control_demos/install/ign_ros2_control_demos:/opt/ros/humble /usr/bin/cmake --install /media/psf/Home/Desktop/business-1/test-repo/ros2-control-demo/gz_ros2_control/build/gz_ros2_control_tests
[0.570s] Level 1:colcon.colcon_core.environment:checking '/media/psf/Home/Desktop/business-1/test-repo/ros2-control-demo/gz_ros2_control/install/gz_ros2_control_tests' for CMake config files
[0.571s] Level 1:colcon.colcon_core.shell:create_environment_hook('gz_ros2_control_tests', 'cmake_prefix_path')
[0.571s] INFO:colcon.colcon_core.shell:Creating environment hook '/media/psf/Home/Desktop/business-1/test-repo/ros2-control-demo/gz_ros2_control/install/gz_ros2_control_tests/share/gz_ros2_control_tests/hook/cmake_prefix_path.ps1'
[0.572s] INFO:colcon.colcon_core.shell:Creating environment descriptor '/media/psf/Home/Desktop/business-1/test-repo/ros2-control-demo/gz_ros2_control/install/gz_ros2_control_tests/share/gz_ros2_control_tests/hook/cmake_prefix_path.dsv'
[0.573s] INFO:colcon.colcon_core.shell:Creating environment hook '/media/psf/Home/Desktop/business-1/test-repo/ros2-control-demo/gz_ros2_control/install/gz_ros2_control_tests/share/gz_ros2_control_tests/hook/cmake_prefix_path.sh'
[0.573s] Level 1:colcon.colcon_core.environment:checking '/media/psf/Home/Desktop/business-1/test-repo/ros2-control-demo/gz_ros2_control/install/gz_ros2_control_tests/lib'
[0.574s] Level 1:colcon.colcon_core.environment:checking '/media/psf/Home/Desktop/business-1/test-repo/ros2-control-demo/gz_ros2_control/install/gz_ros2_control_tests/bin'
[0.574s] Level 1:colcon.colcon_core.environment:checking '/media/psf/Home/Desktop/business-1/test-repo/ros2-control-demo/gz_ros2_control/install/gz_ros2_control_tests/lib/pkgconfig/gz_ros2_control_tests.pc'
[0.574s] Level 1:colcon.colcon_core.environment:checking '/media/psf/Home/Desktop/business-1/test-repo/ros2-control-demo/gz_ros2_control/install/gz_ros2_control_tests/lib/python3.10/site-packages'
[0.574s] Level 1:colcon.colcon_core.environment:checking '/media/psf/Home/Desktop/business-1/test-repo/ros2-control-demo/gz_ros2_control/install/gz_ros2_control_tests/bin'
[0.574s] INFO:colcon.colcon_core.shell:Creating package script '/media/psf/Home/Desktop/business-1/test-repo/ros2-control-demo/gz_ros2_control/install/gz_ros2_control_tests/share/gz_ros2_control_tests/package.ps1'
[0.575s] INFO:colcon.colcon_core.shell:Creating package descriptor '/media/psf/Home/Desktop/business-1/test-repo/ros2-control-demo/gz_ros2_control/install/gz_ros2_control_tests/share/gz_ros2_control_tests/package.dsv'
[0.575s] INFO:colcon.colcon_core.shell:Creating package script '/media/psf/Home/Desktop/business-1/test-repo/ros2-control-demo/gz_ros2_control/install/gz_ros2_control_tests/share/gz_ros2_control_tests/package.sh'
[0.576s] INFO:colcon.colcon_core.shell:Creating package script '/media/psf/Home/Desktop/business-1/test-repo/ros2-control-demo/gz_ros2_control/install/gz_ros2_control_tests/share/gz_ros2_control_tests/package.bash'
[0.576s] INFO:colcon.colcon_core.shell:Creating package script '/media/psf/Home/Desktop/business-1/test-repo/ros2-control-demo/gz_ros2_control/install/gz_ros2_control_tests/share/gz_ros2_control_tests/package.zsh'
[0.577s] Level 1:colcon.colcon_core.environment:create_file_with_runtime_dependencies(/media/psf/Home/Desktop/business-1/test-repo/ros2-control-demo/gz_ros2_control/install/gz_ros2_control_tests/share/colcon-core/packages/gz_ros2_control_tests)
[0.602s] DEBUG:colcon.colcon_core.event_handler.log_command:Invoking command in '/media/psf/Home/Desktop/business-1/test-repo/ros2-control-demo/gz_ros2_control/build/ign_ros2_control_demos': CMAKE_PREFIX_PATH=/media/psf/Home/Desktop/business-1/test-repo/ros2-control-demo/gz_ros2_control/install/ign_ros2_control:/media/psf/Home/Desktop/business-1/test-repo/ros2-control-demo/gz_ros2_control/install/ign_ros2_control_demos:/media/psf/Home/Desktop/business-1/test-repo/ros2-control-demo/gz_ros2_control/install/gz_ros2_control_tests:/media/psf/Home/Desktop/business-1/test-repo/ros2-control-demo/gz_ros2_control/ign_ros2_control_demos/install/ign_ros2_control_demos:/opt/ros/humble /usr/bin/cmake --install /media/psf/Home/Desktop/business-1/test-repo/ros2-control-demo/gz_ros2_control/build/ign_ros2_control_demos
[0.612s] Level 1:colcon.colcon_core.environment:create_environment_scripts_only(gz_ros2_control_tests)
[0.612s] Level 1:colcon.colcon_core.environment:checking '/media/psf/Home/Desktop/business-1/test-repo/ros2-control-demo/gz_ros2_control/install/gz_ros2_control_tests' for CMake module files
[0.615s] Level 1:colcon.colcon_core.environment:checking '/media/psf/Home/Desktop/business-1/test-repo/ros2-control-demo/gz_ros2_control/install/gz_ros2_control_tests' for CMake config files
[0.617s] Level 1:colcon.colcon_core.shell:create_environment_hook('gz_ros2_control_tests', 'cmake_prefix_path')
[0.617s] INFO:colcon.colcon_core.shell:Creating environment hook '/media/psf/Home/Desktop/business-1/test-repo/ros2-control-demo/gz_ros2_control/install/gz_ros2_control_tests/share/gz_ros2_control_tests/hook/cmake_prefix_path.ps1'
[0.618s] INFO:colcon.colcon_core.shell:Creating environment descriptor '/media/psf/Home/Desktop/business-1/test-repo/ros2-control-demo/gz_ros2_control/install/gz_ros2_control_tests/share/gz_ros2_control_tests/hook/cmake_prefix_path.dsv'
[0.618s] INFO:colcon.colcon_core.shell:Creating environment hook '/media/psf/Home/Desktop/business-1/test-repo/ros2-control-demo/gz_ros2_control/install/gz_ros2_control_tests/share/gz_ros2_control_tests/hook/cmake_prefix_path.sh'
[0.619s] Level 1:colcon.colcon_core.environment:checking '/media/psf/Home/Desktop/business-1/test-repo/ros2-control-demo/gz_ros2_control/install/gz_ros2_control_tests/lib'
[0.619s] Level 1:colcon.colcon_core.environment:checking '/media/psf/Home/Desktop/business-1/test-repo/ros2-control-demo/gz_ros2_control/install/gz_ros2_control_tests/bin'
[0.619s] Level 1:colcon.colcon_core.environment:checking '/media/psf/Home/Desktop/business-1/test-repo/ros2-control-demo/gz_ros2_control/install/gz_ros2_control_tests/lib/pkgconfig/gz_ros2_control_tests.pc'
[0.620s] Level 1:colcon.colcon_core.environment:checking '/media/psf/Home/Desktop/business-1/test-repo/ros2-control-demo/gz_ros2_control/install/gz_ros2_control_tests/lib/python3.10/site-packages'
[0.620s] Level 1:colcon.colcon_core.environment:checking '/media/psf/Home/Desktop/business-1/test-repo/ros2-control-demo/gz_ros2_control/install/gz_ros2_control_tests/bin'
[0.620s] INFO:colcon.colcon_core.shell:Creating package script '/media/psf/Home/Desktop/business-1/test-repo/ros2-control-demo/gz_ros2_control/install/gz_ros2_control_tests/share/gz_ros2_control_tests/package.ps1'
[0.621s] INFO:colcon.colcon_core.shell:Creating package descriptor '/media/psf/Home/Desktop/business-1/test-repo/ros2-control-demo/gz_ros2_control/install/gz_ros2_control_tests/share/gz_ros2_control_tests/package.dsv'
[0.621s] INFO:colcon.colcon_core.shell:Creating package script '/media/psf/Home/Desktop/business-1/test-repo/ros2-control-demo/gz_ros2_control/install/gz_ros2_control_tests/share/gz_ros2_control_tests/package.sh'
[0.622s] INFO:colcon.colcon_core.shell:Creating package script '/media/psf/Home/Desktop/business-1/test-repo/ros2-control-demo/gz_ros2_control/install/gz_ros2_control_tests/share/gz_ros2_control_tests/package.bash'
[0.623s] INFO:colcon.colcon_core.shell:Creating package script '/media/psf/Home/Desktop/business-1/test-repo/ros2-control-demo/gz_ros2_control/install/gz_ros2_control_tests/share/gz_ros2_control_tests/package.zsh'
[0.623s] Level 1:colcon.colcon_core.environment:create_file_with_runtime_dependencies(/media/psf/Home/Desktop/business-1/test-repo/ros2-control-demo/gz_ros2_control/install/gz_ros2_control_tests/share/colcon-core/packages/gz_ros2_control_tests)
[0.654s] Level 1:colcon.colcon_core.environment:create_environment_scripts_only(ign_ros2_control_demos)
[0.654s] Level 1:colcon.colcon_core.environment:checking '/media/psf/Home/Desktop/business-1/test-repo/ros2-control-demo/gz_ros2_control/install/ign_ros2_control_demos' for CMake module files
[0.655s] DEBUG:colcon.colcon_core.event_handler.log_command:Invoked command in '/media/psf/Home/Desktop/business-1/test-repo/ros2-control-demo/gz_ros2_control/build/ign_ros2_control_demos' returned '0': CMAKE_PREFIX_PATH=/media/psf/Home/Desktop/business-1/test-repo/ros2-control-demo/gz_ros2_control/install/ign_ros2_control:/media/psf/Home/Desktop/business-1/test-repo/ros2-control-demo/gz_ros2_control/install/ign_ros2_control_demos:/media/psf/Home/Desktop/business-1/test-repo/ros2-control-demo/gz_ros2_control/install/gz_ros2_control_tests:/media/psf/Home/Desktop/business-1/test-repo/ros2-control-demo/gz_ros2_control/ign_ros2_control_demos/install/ign_ros2_control_demos:/opt/ros/humble /usr/bin/cmake --install /media/psf/Home/Desktop/business-1/test-repo/ros2-control-demo/gz_ros2_control/build/ign_ros2_control_demos
[0.657s] Level 1:colcon.colcon_core.environment:checking '/media/psf/Home/Desktop/business-1/test-repo/ros2-control-demo/gz_ros2_control/install/ign_ros2_control_demos' for CMake config files
[0.659s] Level 1:colcon.colcon_core.shell:create_environment_hook('ign_ros2_control_demos', 'cmake_prefix_path')
[0.659s] INFO:colcon.colcon_core.shell:Creating environment hook '/media/psf/Home/Desktop/business-1/test-repo/ros2-control-demo/gz_ros2_control/install/ign_ros2_control_demos/share/ign_ros2_control_demos/hook/cmake_prefix_path.ps1'
[0.660s] INFO:colcon.colcon_core.shell:Creating environment descriptor '/media/psf/Home/Desktop/business-1/test-repo/ros2-control-demo/gz_ros2_control/install/ign_ros2_control_demos/share/ign_ros2_control_demos/hook/cmake_prefix_path.dsv'
[0.660s] INFO:colcon.colcon_core.shell:Creating environment hook '/media/psf/Home/Desktop/business-1/test-repo/ros2-control-demo/gz_ros2_control/install/ign_ros2_control_demos/share/ign_ros2_control_demos/hook/cmake_prefix_path.sh'
[0.661s] Level 1:colcon.colcon_core.environment:checking '/media/psf/Home/Desktop/business-1/test-repo/ros2-control-demo/gz_ros2_control/install/ign_ros2_control_demos/lib'
[0.661s] Level 1:colcon.colcon_core.environment:checking '/media/psf/Home/Desktop/business-1/test-repo/ros2-control-demo/gz_ros2_control/install/ign_ros2_control_demos/bin'
[0.661s] Level 1:colcon.colcon_core.environment:checking '/media/psf/Home/Desktop/business-1/test-repo/ros2-control-demo/gz_ros2_control/install/ign_ros2_control_demos/lib/pkgconfig/ign_ros2_control_demos.pc'
[0.661s] Level 1:colcon.colcon_core.environment:checking '/media/psf/Home/Desktop/business-1/test-repo/ros2-control-demo/gz_ros2_control/install/ign_ros2_control_demos/lib/python3.10/site-packages'
[0.662s] Level 1:colcon.colcon_core.environment:checking '/media/psf/Home/Desktop/business-1/test-repo/ros2-control-demo/gz_ros2_control/install/ign_ros2_control_demos/bin'
[0.662s] INFO:colcon.colcon_core.shell:Creating package script '/media/psf/Home/Desktop/business-1/test-repo/ros2-control-demo/gz_ros2_control/install/ign_ros2_control_demos/share/ign_ros2_control_demos/package.ps1'
[0.662s] INFO:colcon.colcon_core.shell:Creating package descriptor '/media/psf/Home/Desktop/business-1/test-repo/ros2-control-demo/gz_ros2_control/install/ign_ros2_control_demos/share/ign_ros2_control_demos/package.dsv'
[0.663s] INFO:colcon.colcon_core.shell:Creating package script '/media/psf/Home/Desktop/business-1/test-repo/ros2-control-demo/gz_ros2_control/install/ign_ros2_control_demos/share/ign_ros2_control_demos/package.sh'
[0.663s] INFO:colcon.colcon_core.shell:Creating package script '/media/psf/Home/Desktop/business-1/test-repo/ros2-control-demo/gz_ros2_control/install/ign_ros2_control_demos/share/ign_ros2_control_demos/package.bash'
[0.664s] INFO:colcon.colcon_core.shell:Creating package script '/media/psf/Home/Desktop/business-1/test-repo/ros2-control-demo/gz_ros2_control/install/ign_ros2_control_demos/share/ign_ros2_control_demos/package.zsh'
[0.664s] Level 1:colcon.colcon_core.environment:create_file_with_runtime_dependencies(/media/psf/Home/Desktop/business-1/test-repo/ros2-control-demo/gz_ros2_control/install/ign_ros2_control_demos/share/colcon-core/packages/ign_ros2_control_demos)
[0.719s] Level 1:colcon.colcon_core.environment:create_environment_scripts_only(ign_ros2_control_demos)
[0.719s] Level 1:colcon.colcon_core.environment:checking '/media/psf/Home/Desktop/business-1/test-repo/ros2-control-demo/gz_ros2_control/install/ign_ros2_control_demos' for CMake module files
[0.722s] Level 1:colcon.colcon_core.environment:checking '/media/psf/Home/Desktop/business-1/test-repo/ros2-control-demo/gz_ros2_control/install/ign_ros2_control_demos' for CMake config files
[0.724s] Level 1:colcon.colcon_core.shell:create_environment_hook('ign_ros2_control_demos', 'cmake_prefix_path')
[0.725s] INFO:colcon.colcon_core.shell:Creating environment hook '/media/psf/Home/Desktop/business-1/test-repo/ros2-control-demo/gz_ros2_control/install/ign_ros2_control_demos/share/ign_ros2_control_demos/hook/cmake_prefix_path.ps1'
[0.725s] INFO:colcon.colcon_core.shell:Creating environment descriptor '/media/psf/Home/Desktop/business-1/test-repo/ros2-control-demo/gz_ros2_control/install/ign_ros2_control_demos/share/ign_ros2_control_demos/hook/cmake_prefix_path.dsv'
[0.726s] INFO:colcon.colcon_core.shell:Creating environment hook '/media/psf/Home/Desktop/business-1/test-repo/ros2-control-demo/gz_ros2_control/install/ign_ros2_control_demos/share/ign_ros2_control_demos/hook/cmake_prefix_path.sh'
[0.727s] Level 1:colcon.colcon_core.environment:checking '/media/psf/Home/Desktop/business-1/test-repo/ros2-control-demo/gz_ros2_control/install/ign_ros2_control_demos/lib'
[0.727s] Level 1:colcon.colcon_core.environment:checking '/media/psf/Home/Desktop/business-1/test-repo/ros2-control-demo/gz_ros2_control/install/ign_ros2_control_demos/bin'
[0.727s] Level 1:colcon.colcon_core.environment:checking '/media/psf/Home/Desktop/business-1/test-repo/ros2-control-demo/gz_ros2_control/install/ign_ros2_control_demos/lib/pkgconfig/ign_ros2_control_demos.pc'
[0.728s] Level 1:colcon.colcon_core.environment:checking '/media/psf/Home/Desktop/business-1/test-repo/ros2-control-demo/gz_ros2_control/install/ign_ros2_control_demos/lib/python3.10/site-packages'
[0.728s] Level 1:colcon.colcon_core.environment:checking '/media/psf/Home/Desktop/business-1/test-repo/ros2-control-demo/gz_ros2_control/install/ign_ros2_control_demos/bin'
[0.728s] INFO:colcon.colcon_core.shell:Creating package script '/media/psf/Home/Desktop/business-1/test-repo/ros2-control-demo/gz_ros2_control/install/ign_ros2_control_demos/share/ign_ros2_control_demos/package.ps1'
[0.728s] INFO:colcon.colcon_core.shell:Creating package descriptor '/media/psf/Home/Desktop/business-1/test-repo/ros2-control-demo/gz_ros2_control/install/ign_ros2_control_demos/share/ign_ros2_control_demos/package.dsv'
[0.729s] INFO:colcon.colcon_core.shell:Creating package script '/media/psf/Home/Desktop/business-1/test-repo/ros2-control-demo/gz_ros2_control/install/ign_ros2_control_demos/share/ign_ros2_control_demos/package.sh'
[0.729s] INFO:colcon.colcon_core.shell:Creating package script '/media/psf/Home/Desktop/business-1/test-repo/ros2-control-demo/gz_ros2_control/install/ign_ros2_control_demos/share/ign_ros2_control_demos/package.bash'
[0.730s] INFO:colcon.colcon_core.shell:Creating package script '/media/psf/Home/Desktop/business-1/test-repo/ros2-control-demo/gz_ros2_control/install/ign_ros2_control_demos/share/ign_ros2_control_demos/package.zsh'
[0.730s] Level 1:colcon.colcon_core.environment:create_file_with_runtime_dependencies(/media/psf/Home/Desktop/business-1/test-repo/ros2-control-demo/gz_ros2_control/install/ign_ros2_control_demos/share/colcon-core/packages/ign_ros2_control_demos)
[0.731s] DEBUG:colcon.colcon_parallel_executor.executor.parallel:closing loop
[0.731s] DEBUG:colcon.colcon_parallel_executor.executor.parallel:loop closed
[0.731s] DEBUG:colcon.colcon_parallel_executor.executor.parallel:run_until_complete finished with '0'
[0.731s] DEBUG:colcon.colcon_core.event_reactor:joining thread
[0.734s] INFO:colcon.colcon_core.plugin_system:Skipping extension 'colcon_notification.desktop_notification.terminal_notifier': Not used on non-Darwin systems
[0.734s] INFO:colcon.colcon_core.plugin_system:Skipping extension 'colcon_notification.desktop_notification.win32': Not used on non-Windows systems
[0.735s] INFO:colcon.colcon_notification.desktop_notification:Sending desktop notification using 'notify2'
[0.741s] DEBUG:colcon.colcon_core.event_reactor:joined thread
[0.741s] INFO:colcon.colcon_core.shell:Creating prefix script '/media/psf/Home/Desktop/business-1/test-repo/ros2-control-demo/gz_ros2_control/install/local_setup.ps1'
[0.742s] INFO:colcon.colcon_core.shell:Creating prefix util module '/media/psf/Home/Desktop/business-1/test-repo/ros2-control-demo/gz_ros2_control/install/_local_setup_util_ps1.py'
[0.744s] INFO:colcon.colcon_core.shell:Creating prefix chain script '/media/psf/Home/Desktop/business-1/test-repo/ros2-control-demo/gz_ros2_control/install/setup.ps1'
[0.747s] INFO:colcon.colcon_core.shell:Creating prefix script '/media/psf/Home/Desktop/business-1/test-repo/ros2-control-demo/gz_ros2_control/install/local_setup.sh'
[0.747s] INFO:colcon.colcon_core.shell:Creating prefix util module '/media/psf/Home/Desktop/business-1/test-repo/ros2-control-demo/gz_ros2_control/install/_local_setup_util_sh.py'
[0.748s] INFO:colcon.colcon_core.shell:Creating prefix chain script '/media/psf/Home/Desktop/business-1/test-repo/ros2-control-demo/gz_ros2_control/install/setup.sh'
[0.750s] INFO:colcon.colcon_core.shell:Creating prefix script '/media/psf/Home/Desktop/business-1/test-repo/ros2-control-demo/gz_ros2_control/install/local_setup.bash'
[0.751s] INFO:colcon.colcon_core.shell:Creating prefix chain script '/media/psf/Home/Desktop/business-1/test-repo/ros2-control-demo/gz_ros2_control/install/setup.bash'
[0.753s] INFO:colcon.colcon_core.shell:Creating prefix script '/media/psf/Home/Desktop/business-1/test-repo/ros2-control-demo/gz_ros2_control/install/local_setup.zsh'
[0.753s] INFO:colcon.colcon_core.shell:Creating prefix chain script '/media/psf/Home/Desktop/business-1/test-repo/ros2-control-demo/gz_ros2_control/install/setup.zsh'
